###############################################################################
#                                                                             #
# Calypsi linker for 65816                                      version 3.6.6 #
#                                                       17/Aug/2022  23:46:32 #
# Command line: --output-format=pgz --list-file=play-Foenix.lst               #
#               --cross-reference --rtattr printf=float --rtattr              #
#               cstartup=Foenix --verbose --copy-initialize palette0 -o       #
#               play.pgz obj/main.o obj/playsong.o                            #
#               module/Calypsi-65816-Foenix/Foenix-lc-sd.a                    #
#               module/Calypsi-65816-Foenix/linker-files/Foenix-U+.scm        #
#               clib-lc-sd-Foenix.a                                           #
#                                                                             #
###############################################################################

####################
#                  #
# Memories summary #
#                  #
####################

Name       Range         Size    Used    Checksum  Largest unallocated
----------------------------------------------------------------------
DirectPage 002000-0020ff 000100    7.8%  none      0000ec
LoRAM      002100-006fff 004f00   21.8%  none      003dc4
LoCODE     007000-007fff 001000   50.0%  none      000802
Vector     00fff0-00ffff 000010    0.0%  none      000010
near-bank  010000-01ffff 010000    0.0%  none      010000
bank02     020000-02ffff 010000    0.0%  none      010000
bank03     030000-03ffff 010000    0.0%  none      010000
bank#x04   040000-04ffff 010000   25.1%  none      00bfb5
bank#x05   050000-05ffff 010000    0.0%  none      010000
bank#x06   060000-06ffff 010000    0.0%  none      010000
bank#x07   070000-07ffff 010000    0.0%  none      010000
bank#x08   080000-08ffff 010000    0.0%  none      010000
bank#x09   090000-09ffff 010000    0.0%  none      010000
bank#x0a   0a0000-0affff 010000    0.0%  none      010000
bank#x0b   0b0000-0bffff 010000    0.0%  none      010000
bank#x0c   0c0000-0cffff 010000    0.0%  none      010000
bank#x0d   0d0000-0dffff 010000    0.0%  none      010000
bank#x0e   0e0000-0effff 010000    0.0%  none      010000
bank#x0f   0f0000-0fffff 010000    0.0%  none      010000
bank#x10   100000-10ffff 010000    0.0%  none      010000
bank#x11   110000-11ffff 010000    0.0%  none      010000
bank#x12   120000-12ffff 010000    0.0%  none      010000
bank#x13   130000-13ffff 010000    0.0%  none      010000
bank#x14   140000-14ffff 010000    0.0%  none      010000
bank#x15   150000-15ffff 010000    0.0%  none      010000
bank#x16   160000-16ffff 010000    0.0%  none      010000
bank#x17   170000-17ffff 010000    0.0%  none      010000
bank#x18   180000-18ffff 010000    0.0%  none      010000
bank#x19   190000-19ffff 010000    0.0%  none      010000
bank#x1a   1a0000-1affff 010000    0.0%  none      010000
bank#x1b   1b0000-1bffff 010000    0.0%  none      010000
bank#x1c   1c0000-1cffff 010000    0.0%  none      010000
bank#x1d   1d0000-1dffff 010000    0.0%  none      010000
bank#x1e   1e0000-1effff 010000    0.0%  none      010000
bank#x1f   1f0000-1fffff 010000    0.0%  none      010000
bank#x20   200000-20ffff 010000    0.0%  none      010000
bank#x21   210000-21ffff 010000    0.0%  none      010000
bank#x22   220000-22ffff 010000    0.0%  none      010000
bank#x23   230000-23ffff 010000    0.0%  none      010000
bank#x24   240000-24ffff 010000    0.0%  none      010000
bank#x25   250000-25ffff 010000    0.0%  none      010000
bank#x26   260000-26ffff 010000    0.0%  none      010000
bank#x27   270000-27ffff 010000    0.0%  none      010000
bank#x28   280000-28ffff 010000    0.0%  none      010000
bank#x29   290000-29ffff 010000    0.0%  none      010000
bank#x2a   2a0000-2affff 010000    0.0%  none      010000
bank#x2b   2b0000-2bffff 010000    0.0%  none      010000
bank#x2c   2c0000-2cffff 010000    0.0%  none      010000
bank#x2d   2d0000-2dffff 010000    0.0%  none      010000
bank#x2e   2e0000-2effff 010000    0.0%  none      010000
bank#x2f   2f0000-2fffff 010000    0.0%  none      010000
bank#x30   300000-30ffff 010000    0.0%  none      010000
bank#x31   310000-31ffff 010000    0.0%  none      010000
bank#x32   320000-32ffff 010000    0.0%  none      010000
bank#x33   330000-33ffff 010000    0.0%  none      010000
bank#x34   340000-34ffff 010000    0.0%  none      010000
bank#x35   350000-35ffff 010000    0.0%  none      010000
bank#x36   360000-36ffff 010000    0.0%  none      010000
bank#x37   370000-37ffff 010000    0.0%  none      010000
bank#x38   380000-38ffff 010000    0.0%  none      010000
bank#x39   390000-39ffff 010000    0.0%  none      010000
bank#x3a   3a0000-3affff 010000    0.0%  none      010000
bank#x3b   3b0000-3bffff 010000    0.0%  none      010000
bank#x3c   3c0000-3cffff 010000    0.0%  none      010000
bank#x3d   3d0000-3dffff 010000    0.0%  none      010000
bank#x3e   3e0000-3effff 010000    0.0%  none      010000
bank#x3f   3f0000-3fffff 010000    0.0%  none      010000
palettes   af2000-af3fff 002000    0.0%  none      002000
vram       b00000-cfffff 200000    0.0%  none      200000


####################
#                  #
# Sections summary #
#                  #
####################

Name            Range          Size    Memory     Fragments
-----------------------------------------------------------
registers       002000-002013  000014  DirectPage 1
heap            002100-0030ff  001000  LoRAM      1
zdata           003100-00323b  00013c  LoRAM      6
cdata           007000-007573  000574  LoCODE     6
code            007574-0075b8  000045  LoCODE     5
cdata           0075b9-0076d1  000119  LoCODE     9
switch          0076d2-007701  000030  LoCODE     2
cdata           007702-007731  000030  LoCODE     2
switch          007732-007749  000018  LoCODE     1
cdata           00774a-0077c2  000079  LoCODE     6
data_init_table 0077c3-0077cc  00000a  LoCODE     1
cdata           0077cd-0077e3  000017  LoCODE     3
code            0077e4-0077e8  000005  LoCODE     1
cdata           0077e9-0077fd  000015  LoCODE     6
farcode         040000-04404a  00404b  bank#x04   108


################
#              #
# Object files #
#              #
################

Unit Filename               Archive
-----------------------------------------------
  0  obj/main.o             -
          >  cdata   000201
          >  farcode 00067d
  1  obj/playsong.o         -
          >  cdata   0004f6
          >  farcode 000edd
          >  switch  000018
  5  Foenix-startup-lc-sd.o Foenix-lc-sd.a
          # picked based on cstartup=Foenix
          >  code    000045
          >  farcode 000001
          >  zdata   000002
  6  pseudoRegisters.o      clib-lc-sd-Foenix.a
          >  registers 000014
  7  exit.o                 clib-lc-sd-Foenix.a
          # picked based on exit=stdexit
          >  farcode 000049
          >  zdata   000080
  9  controlFlow.o          clib-lc-sd-Foenix.a
          >  farcode 00000e
 10  exitC99.o              clib-lc-sd-Foenix.a
          >  farcode 00002b
          >  zdata   000004
 13  stub_exit-lc-sd.o      Foenix-lc-sd.a
          >  code 000005
 14  free.o                 clib-lc-sd-Foenix.a
          >  farcode 0000e1
 15  addfreechunk.o         clib-lc-sd-Foenix.a
          >  farcode 0000b3
 16  heap_initialize.o      clib-lc-sd-Foenix.a
          >  farcode 00015c
          >  zdata   000066
 17  lib_memset.o           clib-lc-sd-Foenix.a
          >  farcode 000043
 18  lib_printf.o           clib-lc-sd-Foenix.a
          >  farcode 00001b
 19  lib_vfprintf.o         clib-lc-sd-Foenix.a
          >  farcode 000043
 20  __vsprintf_float.o     clib-lc-sd-Foenix.a
          # picked based on printf=float
          >  cdata   00000f
          >  farcode 0015a1
          >  switch  000030
 24  lib_strnlen.o          clib-lc-sd-Foenix.a
          >  farcode 000031
 25  vswitch16.o            clib-lc-sd-Foenix.a
          >  farcode 000088
 26  lib_dtoa_engine.o      clib-lc-sd-Foenix.a
          >  cdata   000010
          >  farcode 000489
 27  float32.o              clib-lc-sd-Foenix.a
          >  farcode 0002b0
 28  lib_dtoa_data.o        clib-lc-sd-Foenix.a
          >  cdata 00004c
 29  integer.o              clib-lc-sd-Foenix.a
          >  farcode 000144
 30  lib_stdoutstream.o     clib-lc-sd-Foenix.a
          >  farcode 000091
 31  lib_libnoflush.o       clib-lc-sd-Foenix.a
          >  farcode 000004
 32  errno.o                clib-lc-sd-Foenix.a
          >  zdata 000002
 33  lib_fputc.o            clib-lc-sd-Foenix.a
          >  farcode 000066
 34  lib_libfflush.o        clib-lc-sd-Foenix.a
          >  farcode 000120
 36  stub_write-lc-sd.o     Foenix-lc-sd.a
          >  farcode 00005e
 38  stub_putchar-lc-sd.o   Foenix-lc-sd.a
          >  farcode 000008
 39  lib_libfwrite.o        clib-lc-sd-Foenix.a
          >  farcode 000142
 40  lib_rdflush.o          clib-lc-sd-Foenix.a
          >  farcode 000075
 41  lib_fseek.o            clib-lc-sd-Foenix.a
          >  farcode 00005c
 43  stub_lseek-lc-sd.o     Foenix-lc-sd.a
          >  farcode 000007
 44  lib_wrflush.o          clib-lc-sd-Foenix.a
          >  farcode 00001f
 45  streamlist.o           clib-lc-sd-Foenix.a
          >  farcode 000081
          >  zdata   00004e
 47  stub_close-lc-sd.o     Foenix-lc-sd.a
          >  farcode 000004
 48  lib_strcmp.o           clib-lc-sd-Foenix.a
          >  farcode 000054
 49  lib_strlen.o           clib-lc-sd-Foenix.a
          >  farcode 000017
 50  lib_strcpy.o           clib-lc-sd-Foenix.a
          >  farcode 000047
 51  malloc.o               clib-lc-sd-Foenix.a
          >  farcode 0000f2
 52  initialize.o           clib-lc-sd-Foenix.a
          >  farcode 000087
 53  memset_far.o           clib-lc-sd-Foenix.a
          >  farcode 00004d
 54  memcpy_far.o           clib-lc-sd-Foenix.a
          >  farcode 00004f

###################
#                 #
# Cross reference #
#                 #
###################

_Dp in section 'registers'  placed at address 002000-002013 of size 000014
(pseudoRegisters.o (from clib-lc-sd-Foenix.a) unit 6 section index 2)
    Defines:
        _Vfp = 002010
        _Dp = 002000
    Referenced from:
        main (obj/main.o unit 0 section index 2)
        (obj/main.o unit 0 section index 3)
        (obj/main.o unit 0 section index 5)
        (obj/main.o unit 0 section index 6)
        (obj/main.o unit 0 section index 7)
        addTrack (obj/playsong.o unit 1 section index 12)
        cleanTracks (obj/playsong.o unit 1 section index 13)
        showTracks (obj/playsong.o unit 1 section index 14)
        playSongSID (obj/playsong.o unit 1 section index 15)
        setInstrumentSID (obj/playsong.o unit 1 section index 16)
        delay (obj/playsong.o unit 1 section index 17)
        (obj/playsong.o unit 1 section index 19)
        (obj/playsong.o unit 1 section index 22)
        (obj/playsong.o unit 1 section index 24)
        (obj/playsong.o unit 1 section index 29)
        __program_root_section (Foenix-startup-lc-sd.o (from Foenix-lc-sd.a) unit 5 section index 2)
        __data_initialization_needed (Foenix-startup-lc-sd.o (from Foenix-lc-sd.a) unit 5 section index 3)
        __call_heap_initialize (Foenix-startup-lc-sd.o (from Foenix-lc-sd.a) unit 5 section index 5)
        exit (exit.o (from clib-lc-sd-Foenix.a) unit 7 section index 3)
        _JmpIndLong (controlFlow.o (from clib-lc-sd-Foenix.a) unit 9 section index 3)
        _Exit (exitC99.o (from clib-lc-sd-Foenix.a) unit 10 section index 3)
        free (free.o (from clib-lc-sd-Foenix.a) unit 14 section index 2)
        __size2ndx (addfreechunk.o (from clib-lc-sd-Foenix.a) unit 15 section index 2)
        __addfreechunk (addfreechunk.o (from clib-lc-sd-Foenix.a) unit 15 section index 3)
        (addfreechunk.o (from clib-lc-sd-Foenix.a) unit 15 section index 4)
        __heap_addregion (heap_initialize.o (from clib-lc-sd-Foenix.a) unit 16 section index 2)
        __heap_initialize (heap_initialize.o (from clib-lc-sd-Foenix.a) unit 16 section index 3)
        (heap_initialize.o (from clib-lc-sd-Foenix.a) unit 16 section index 4)
        (heap_initialize.o (from clib-lc-sd-Foenix.a) unit 16 section index 5)
        (heap_initialize.o (from clib-lc-sd-Foenix.a) unit 16 section index 6)
        memset (lib_memset.o (from clib-lc-sd-Foenix.a) unit 17 section index 2)
        printf (lib_printf.o (from clib-lc-sd-Foenix.a) unit 18 section index 2)
        vfprintf (lib_vfprintf.o (from clib-lc-sd-Foenix.a) unit 19 section index 2)
        __ultoa_invert (__vsprintf_float.o (from clib-lc-sd-Foenix.a) unit 20 section index 5)
        __vsprintf (__vsprintf_float.o (from clib-lc-sd-Foenix.a) unit 20 section index 6)
        (__vsprintf_float.o (from clib-lc-sd-Foenix.a) unit 20 section index 7)
        (__vsprintf_float.o (from clib-lc-sd-Foenix.a) unit 20 section index 8)
        (__vsprintf_float.o (from clib-lc-sd-Foenix.a) unit 20 section index 9)
        (__vsprintf_float.o (from clib-lc-sd-Foenix.a) unit 20 section index 10)
        (__vsprintf_float.o (from clib-lc-sd-Foenix.a) unit 20 section index 11)
        (__vsprintf_float.o (from clib-lc-sd-Foenix.a) unit 20 section index 12)
        strnlen (lib_strnlen.o (from clib-lc-sd-Foenix.a) unit 24 section index 2)
        _ValueSwitch16 (vswitch16.o (from clib-lc-sd-Foenix.a) unit 25 section index 2)
        __dtoa_engine (lib_dtoa_engine.o (from clib-lc-sd-Foenix.a) unit 26 section index 2)
        (lib_dtoa_engine.o (from clib-lc-sd-Foenix.a) unit 26 section index 3)
        (lib_dtoa_engine.o (from clib-lc-sd-Foenix.a) unit 26 section index 4)
        (lib_dtoa_engine.o (from clib-lc-sd-Foenix.a) unit 26 section index 5)
        (lib_dtoa_engine.o (from clib-lc-sd-Foenix.a) unit 26 section index 6)
        (lib_dtoa_engine.o (from clib-lc-sd-Foenix.a) unit 26 section index 7)
        (lib_dtoa_engine.o (from clib-lc-sd-Foenix.a) unit 26 section index 8)
        _Float32EQ (float32.o (from clib-lc-sd-Foenix.a) unit 27 section index 2)
        _Float32LT (float32.o (from clib-lc-sd-Foenix.a) unit 27 section index 3)
        (float32.o (from clib-lc-sd-Foenix.a) unit 27 section index 4)
        _Float32GE (float32.o (from clib-lc-sd-Foenix.a) unit 27 section index 5)
        _UInt32ToFloat32 (float32.o (from clib-lc-sd-Foenix.a) unit 27 section index 7)
        _Float32ToUInt64 (float32.o (from clib-lc-sd-Foenix.a) unit 27 section index 13)
        (float32.o (from clib-lc-sd-Foenix.a) unit 27 section index 15)
        _Float32Add (float32.o (from clib-lc-sd-Foenix.a) unit 27 section index 16)
        (integer.o (from clib-lc-sd-Foenix.a) unit 29 section index 10)
        _UDivMod32 (integer.o (from clib-lc-sd-Foenix.a) unit 29 section index 11)
        _Div32 (integer.o (from clib-lc-sd-Foenix.a) unit 29 section index 13)
        _DivModSign32 (integer.o (from clib-lc-sd-Foenix.a) unit 29 section index 14)
        _UDiv64 (integer.o (from clib-lc-sd-Foenix.a) unit 29 section index 15)
        (lib_stdoutstream.o (from clib-lc-sd-Foenix.a) unit 30 section index 2)
        (lib_stdoutstream.o (from clib-lc-sd-Foenix.a) unit 30 section index 3)
        __lib_stdoutstream (lib_stdoutstream.o (from clib-lc-sd-Foenix.a) unit 30 section index 4)
        fputc (lib_fputc.o (from clib-lc-sd-Foenix.a) unit 33 section index 2)
        __lib_fflush (lib_libfflush.o (from clib-lc-sd-Foenix.a) unit 34 section index 2)
        _Stub_write (stub_write-lc-sd.o (from Foenix-lc-sd.a) unit 36 section index 2)
        __lib_fwrite (lib_libfwrite.o (from clib-lc-sd-Foenix.a) unit 39 section index 2)
        __lib_rdflush (lib_rdflush.o (from clib-lc-sd-Foenix.a) unit 40 section index 2)
        fseek (lib_fseek.o (from clib-lc-sd-Foenix.a) unit 41 section index 2)
        __lib_wrflush (lib_wrflush.o (from clib-lc-sd-Foenix.a) unit 44 section index 2)
        strcmp (lib_strcmp.o (from clib-lc-sd-Foenix.a) unit 48 section index 2)
        strlen (lib_strlen.o (from clib-lc-sd-Foenix.a) unit 49 section index 2)
        strcpy (lib_strcpy.o (from clib-lc-sd-Foenix.a) unit 50 section index 2)
        malloc (malloc.o (from clib-lc-sd-Foenix.a) unit 51 section index 2)
        __initialize_sections (initialize.o (from clib-lc-sd-Foenix.a) unit 52 section index 2)
        __memset_far (memset_far.o (from clib-lc-sd-Foenix.a) unit 53 section index 2)
        __memcpy_far (memcpy_far.o (from clib-lc-sd-Foenix.a) unit 54 section index 2)

frequency in section 'cdata'  placed at address 007000-00717f of size 000180
(obj/playsong.o unit 1 section index 3)
    Defines:
        frequency = 007000

notes in section 'cdata'  placed at address 007180-0072ff of size 000180
(obj/playsong.o unit 1 section index 2)
    Defines:
        notes = 007180
    Referenced from:
        addTrack (obj/playsong.o unit 1 section index 12)

SID_envelope in section 'cdata'  placed at address 007300-0073ff of size 000100
(obj/playsong.o unit 1 section index 5)
    Defines:
        SID_envelope = 007300
    Referenced from:
        addTrack (obj/playsong.o unit 1 section index 12)
        setInstrumentSID (obj/playsong.o unit 1 section index 16)
        (obj/playsong.o unit 1 section index 23)

SidNotes in section 'cdata'  placed at address 007400-0074bf of size 0000c0
(obj/playsong.o unit 1 section index 4)
    Defines:
        SidNotes = 007400
    Referenced from:
        playSongSID (obj/playsong.o unit 1 section index 15)

`_StringLiteral_I1D4B3BBD4B3BRRhD4CB3C4D4hD4B3BBD4B3BRRhD4qD#4RwRB3BBRD4D4D4F#3D4F#3D4G3BGBD4B3BBD4B3BRRhD4RRhG3` in section 'cdata'
 placed at address 0074c0-007520 of size 000061
(obj/main.o unit 0 section index 25)
    Defines:
        `_StringLiteral_I1D4B3BBD4B3BRRhD4CB3C4D4hD4B3BBD4B3BRRhD4qD#4RwRB3BBRD4D4D4F#3D4F#3D4G3BGBD4B3BBD4B3BRRhD4RRhG3` = 0074c0
    Referenced from:
        main (obj/main.o unit 0 section index 2)

_StringLiteral_I1VfRwRhRB5qAtGtFtEtRhRwRwRhRqB5AtGtFtEtRhEwG5EEEAFFFAFAFBGBGRwRhRB5AtGtFtEtRFGhG6 in section 'cdata'
 placed at address 007521-007573 of size 000053
(obj/main.o unit 0 section index 27)
    Defines:
        _StringLiteral_I1VfRwRhRB5qAtGtFtEtRhRwRwRhRqB5AtGtFtEtRhEwG5EEEAFFFAFAFBGBGRwRhRB5AtGtFtEtRFGhG6 = 007521
    Referenced from:
        main (obj/main.o unit 0 section index 2)

__program_start in section 'code'
 placed at address 007574-007588 of size 000015
(Foenix-startup-lc-sd.o (from Foenix-lc-sd.a) unit 5 section index 2)
    Defines:
        __program_start = 007574
        __program_root_section = 007574
    References:
        _DirectPageStart
        _Vfp in (pseudoRegisters.o (from clib-lc-sd-Foenix.a) unit 6 section index 2)
        __low_level_init in (Foenix-startup-lc-sd.o (from Foenix-lc-sd.a) unit 5 section index 7)

__data_initialization_needed in section 'code'
 placed at address 007589-007598 of size 000010
(Foenix-startup-lc-sd.o (from Foenix-lc-sd.a) unit 5 section index 3)
    Defines:
        __data_initialization_needed = 007589
    References:
        _Dp in (pseudoRegisters.o (from clib-lc-sd-Foenix.a) unit 6 section index 2)
        _InitialStack in (Foenix-startup-lc-sd.o (from Foenix-lc-sd.a) unit 5 section index 8)
        .sectionEnd(data_init_table)
        .sectionStart(data_init_table)
        __initialize_sections in (initialize.o (from clib-lc-sd-Foenix.a) unit 52 section index 2)

__call_initialize_global_streams in section 'code'
 placed at address 007599-00759c of size 000004
(Foenix-startup-lc-sd.o (from Foenix-lc-sd.a) unit 5 section index 4)
    Defines:
        __call_initialize_global_streams = 007599
    References:
        __initialize_global_streams in (streamlist.o (from clib-lc-sd-Foenix.a) unit 45 section index 3)

__call_heap_initialize in section 'code'
 placed at address 00759d-0075ad of size 000011
(Foenix-startup-lc-sd.o (from Foenix-lc-sd.a) unit 5 section index 5)
    Defines:
        __call_heap_initialize = 00759d
    References:
        _Dp in (pseudoRegisters.o (from clib-lc-sd-Foenix.a) unit 6 section index 2)
        .sectionSize(heap)
        .sectionStart(heap)
        __default_heap in (heap_initialize.o (from clib-lc-sd-Foenix.a) unit 16 section index 7)
        __heap_initialize in (heap_initialize.o (from clib-lc-sd-Foenix.a) unit 16 section index 3)

Section 'code'  placed at address 0075ae-0075b8 of size 00000b
(Foenix-startup-lc-sd.o (from Foenix-lc-sd.a) unit 5 section index 6)
    References:
        exit in (exit.o (from clib-lc-sd-Foenix.a) unit 7 section index 3)
        main in (obj/main.o unit 0 section index 2)

`_StringLiteral_I1RG3GGRGGRRwRwRGGGRGGRRwRwRGGGRF#F#F#RwRwRGGGRGGRRwRh.` in section 'cdata'
 placed at address 0075b9-0075f0 of size 000038
(obj/main.o unit 0 section index 26)
    Defines:
        `_StringLiteral_I1RG3GGRGGRRwRwRGGGRGGRRwRwRGGGRF#F#F#RwRwRGGGRGGRRwRh.` = 0075b9
    Referenced from:
        main (obj/main.o unit 0 section index 2)

`_StringLiteral_[13,13,84,114,97,99,107,49,58,32,37,115,13,13,84,114,97,99,107,50,58,32,37,115,13,13,84,114,97,99,107,51,58,32,37,115,13]` in section 'cdata'
 placed at address 0075f1-007616 of size 000026
(obj/main.o unit 0 section index 14)
    Defines:
        `_StringLiteral_[13,13,84,114,97,99,107,49,58,32,37,115,13,13,84,114,97,99,107,50,58,32,37,115,13,13,84,114,97,99,107,51,58,32,37,115,13]` = 0075f1
    Referenced from:
        main (obj/main.o unit 0 section index 2)

`_StringLiteral_[13,80,108,97,121,105,110,103,32,119,105,116,104,32,68,105,115,116,111,114,116,101,100,32,83,121,110,116,104,13]` in section 'cdata'
 placed at address 007617-007635 of size 00001f
(obj/main.o unit 0 section index 16)
    Defines:
        `_StringLiteral_[13,80,108,97,121,105,110,103,32,119,105,116,104,32,68,105,115,116,111,114,116,101,100,32,83,121,110,116,104,13]` = 007617
    Referenced from:
        main (obj/main.o unit 0 section index 2)

g_dtoa_round in section 'cdata'  placed at address 007636-007651 of size 00001c
(lib_dtoa_data.o (from clib-lc-sd-Foenix.a) unit 28 section index 4)
    Defines:
        g_dtoa_round = 007636
    Referenced from:
        __dtoa_engine (lib_dtoa_engine.o (from clib-lc-sd-Foenix.a) unit 26 section index 2)

`_StringLiteral_[13,80,108,97,121,105,110,103,32,119,105,116,104,32,72,97,114,112,115,105,99,104,111,114,100,13]` in section 'cdata'
 placed at address 007652-00766c of size 00001b
(obj/main.o unit 0 section index 20)
    Defines:
        `_StringLiteral_[13,80,108,97,121,105,110,103,32,119,105,116,104,32,72,97,114,112,115,105,99,104,111,114,100,13]` = 007652
    Referenced from:
        main (obj/main.o unit 0 section index 2)

`_StringLiteral_[13,80,108,97,121,105,110,103,32,119,105,116,104,32,71,117,110,32,83,104,111,116,115,33,13]` in section 'cdata'
 placed at address 00766d-007686 of size 00001a
(obj/main.o unit 0 section index 19)
    Defines:
        `_StringLiteral_[13,80,108,97,121,105,110,103,32,119,105,116,104,32,71,117,110,32,83,104,111,116,115,33,13]` = 00766d
    Referenced from:
        main (obj/main.o unit 0 section index 2)

`_StringLiteral_[60,45,32,85,110,101,120,112,101,99,116,101,100,32,99,104,97,114,97,99,116,101,114,13]` in section 'cdata'
 placed at address 007687-00769f of size 000019
(obj/playsong.o unit 1 section index 11)
    Defines:
        `_StringLiteral_[60,45,32,85,110,101,120,112,101,99,116,101,100,32,99,104,97,114,97,99,116,101,114,13]` = 007687
    Referenced from:
        addTrack (obj/playsong.o unit 1 section index 12)

`_StringLiteral_[13,80,108,97,121,105,110,103,32,119,105,116,104,32,88,121,108,111,112,104,111,110,101,13]` in section 'cdata'
 placed at address 0076a0-0076b8 of size 000019
(obj/main.o unit 0 section index 24)
    Defines:
        `_StringLiteral_[13,80,108,97,121,105,110,103,32,119,105,116,104,32,88,121,108,111,112,104,111,110,101,13]` = 0076a0
    Referenced from:
        main (obj/main.o unit 0 section index 2)

`_StringLiteral_[13,80,108,97,121,105,110,103,32,119,105,116,104,32,65,99,99,111,114,100,105,111,110,13]` in section 'cdata'
 placed at address 0076b9-0076d1 of size 000019
(obj/main.o unit 0 section index 15)
    Defines:
        `_StringLiteral_[13,80,108,97,121,105,110,103,32,119,105,116,104,32,65,99,99,111,114,100,105,111,110,13]` = 0076b9
    Referenced from:
        main (obj/main.o unit 0 section index 2)

`?L450` in section 'switch'  placed at address 0076d2-0076e9 of size 000018
(__vsprintf_float.o (from clib-lc-sd-Foenix.a) unit 20 section index 16)
    References:
        __vsprintf in (__vsprintf_float.o (from clib-lc-sd-Foenix.a) unit 20 section index 6)

`?L403` in section 'switch'  placed at address 0076ea-007701 of size 000018
(__vsprintf_float.o (from clib-lc-sd-Foenix.a) unit 20 section index 15)
    References:
        __vsprintf in (__vsprintf_float.o (from clib-lc-sd-Foenix.a) unit 20 section index 6)

g_dtoa_scale_down in section 'cdata'
 placed at address 007702-007719 of size 000018
(lib_dtoa_data.o (from clib-lc-sd-Foenix.a) unit 28 section index 3)
    Defines:
        g_dtoa_scale_down = 007702
    Referenced from:
        __dtoa_engine (lib_dtoa_engine.o (from clib-lc-sd-Foenix.a) unit 26 section index 2)

g_dtoa_scale_up in section 'cdata'
 placed at address 00771a-007731 of size 000018
(lib_dtoa_data.o (from clib-lc-sd-Foenix.a) unit 28 section index 2)
    Defines:
        g_dtoa_scale_up = 00771a
    Referenced from:
        __dtoa_engine (lib_dtoa_engine.o (from clib-lc-sd-Foenix.a) unit 26 section index 2)

`?L200` in section 'switch'  placed at address 007732-007749 of size 000018
(obj/playsong.o unit 1 section index 33)
    References:
        addTrack in (obj/playsong.o unit 1 section index 12)

`_StringLiteral_[13,80,108,97,121,105,110,103,32,119,105,116,104,32,71,117,105,116,97,114,13]` in section 'cdata'
 placed at address 00774a-00775f of size 000016
(obj/main.o unit 0 section index 18)
    Defines:
        `_StringLiteral_[13,80,108,97,121,105,110,103,32,119,105,116,104,32,71,117,105,116,97,114,13]` = 00774a
    Referenced from:
        main (obj/main.o unit 0 section index 2)

`_StringLiteral_[13,80,108,97,121,105,110,103,32,119,105,116,104,32,80,105,97,110,111,13]` in section 'cdata'
 placed at address 007760-007774 of size 000015
(obj/main.o unit 0 section index 23)
    Defines:
        `_StringLiteral_[13,80,108,97,121,105,110,103,32,119,105,116,104,32,80,105,97,110,111,13]` = 007760
    Referenced from:
        main (obj/main.o unit 0 section index 2)

`_StringLiteral_[13,80,108,97,121,105,110,103,32,119,105,116,104,32,79,114,103,97,110,13]` in section 'cdata'
 placed at address 007775-007789 of size 000015
(obj/main.o unit 0 section index 22)
    Defines:
        `_StringLiteral_[13,80,108,97,121,105,110,103,32,119,105,116,104,32,79,114,103,97,110,13]` = 007775
    Referenced from:
        main (obj/main.o unit 0 section index 2)

`_StringLiteral_[13,80,108,97,121,105,110,103,32,119,105,116,104,32,70,108,117,116,101,13]` in section 'cdata'
 placed at address 00778a-00779e of size 000015
(obj/main.o unit 0 section index 17)
    Defines:
        `_StringLiteral_[13,80,108,97,121,105,110,103,32,119,105,116,104,32,70,108,117,116,101,13]` = 00778a
    Referenced from:
        main (obj/main.o unit 0 section index 2)

`_StringLiteral_[13,80,108,97,121,105,110,103,32,119,105,116,104,32,79,98,111,101,13]` in section 'cdata'
 placed at address 00779f-0077b2 of size 000014
(obj/main.o unit 0 section index 21)
    Defines:
        `_StringLiteral_[13,80,108,97,121,105,110,103,32,119,105,116,104,32,79,98,111,101,13]` = 00779f
    Referenced from:
        main (obj/main.o unit 0 section index 2)

noteLen in section 'cdata'  placed at address 0077b3-0077c2 of size 000010
(obj/playsong.o unit 1 section index 6)
    Defines:
        noteLen = 0077b3
    Referenced from:
        addTrack (obj/playsong.o unit 1 section index 12)

Section 'data_init_table'  placed at address 0077c3-0077cc of size 00000a
(linker generated)

_Const_00000000000f4240 in section 'cdata'
 placed at address 0077cd-0077d4 of size 000008
(lib_dtoa_engine.o (from clib-lc-sd-Foenix.a) unit 26 section index 10)
    Defines:
        _Const_00000000000f4240 = 0077cd
    Referenced from:
        __dtoa_engine (lib_dtoa_engine.o (from clib-lc-sd-Foenix.a) unit 26 section index 2)

_Const_000000000000000a in section 'cdata'
 placed at address 0077d5-0077dc of size 000008
(lib_dtoa_engine.o (from clib-lc-sd-Foenix.a) unit 26 section index 9)
    Defines:
        _Const_000000000000000a = 0077d5
    Referenced from:
        __dtoa_engine (lib_dtoa_engine.o (from clib-lc-sd-Foenix.a) unit 26 section index 2)

g_nullstring in section 'cdata'  placed at address 0077dd-0077e3 of size 000007
(__vsprintf_float.o (from clib-lc-sd-Foenix.a) unit 20 section index 2)

_Stub_exit in section 'code'  placed at address 0077e4-0077e8 of size 000005
(stub_exit-lc-sd.o (from Foenix-lc-sd.a) unit 13 section index 2)
    Defines:
        _Stub_exit = 0077e4
    References:
        _InitialStack in (Foenix-startup-lc-sd.o (from Foenix-lc-sd.a) unit 5 section index 8)
    Referenced from:
        _Exit (exitC99.o (from clib-lc-sd-Foenix.a) unit 10 section index 3)

_StringLiteral_nan in section 'cdata'
 placed at address 0077e9-0077ec of size 000004
(__vsprintf_float.o (from clib-lc-sd-Foenix.a) unit 20 section index 4)
    Defines:
        _StringLiteral_nan = 0077e9
    Referenced from:
        __vsprintf (__vsprintf_float.o (from clib-lc-sd-Foenix.a) unit 20 section index 6)

_StringLiteral_inf in section 'cdata'
 placed at address 0077ed-0077f0 of size 000004
(__vsprintf_float.o (from clib-lc-sd-Foenix.a) unit 20 section index 3)
    Defines:
        _StringLiteral_inf = 0077ed
    Referenced from:
        __vsprintf (__vsprintf_float.o (from clib-lc-sd-Foenix.a) unit 20 section index 6)

`_StringLiteral_%d-` in section 'cdata'
 placed at address 0077f1-0077f4 of size 000004
(obj/playsong.o unit 1 section index 10)
    Defines:
        `_StringLiteral_%d-` = 0077f1
    Referenced from:
        showTracks (obj/playsong.o unit 1 section index 14)

`_StringLiteral_%d ` in section 'cdata'
 placed at address 0077f5-0077f8 of size 000004
(obj/playsong.o unit 1 section index 9)
    Defines:
        `_StringLiteral_%d ` = 0077f5
    Referenced from:
        showTracks (obj/playsong.o unit 1 section index 14)

`_StringLiteral_%c` in section 'cdata'
 placed at address 0077f9-0077fb of size 000003
(obj/playsong.o unit 1 section index 8)
    Defines:
        `_StringLiteral_%c` = 0077f9
    Referenced from:
        addTrack (obj/playsong.o unit 1 section index 12)

`_StringLiteral_[13]` in section 'cdata'
 placed at address 0077fc-0077fd of size 000002
(obj/playsong.o unit 1 section index 7)
    Defines:
        `_StringLiteral_[13]` = 0077fc
    Referenced from:
        showTracks (obj/playsong.o unit 1 section index 14)

Section 'heap'  placed at address 002100-0030ff of size 001000
(linker generated)

__atexit in section 'zdata'  placed at address 003100-00317f of size 000080
(exit.o (from clib-lc-sd-Foenix.a) unit 7 section index 2)
    Defines:
        __atexit = 003100
    Referenced from:
        exit (exit.o (from clib-lc-sd-Foenix.a) unit 7 section index 3)

__default_heap in section 'zdata'
 placed at address 003180-0031e5 of size 000066
(heap_initialize.o (from clib-lc-sd-Foenix.a) unit 16 section index 7)
    Defines:
        __default_heap = 003180
    Referenced from:
        __call_heap_initialize (Foenix-startup-lc-sd.o (from Foenix-lc-sd.a) unit 5 section index 5)
        free (free.o (from clib-lc-sd-Foenix.a) unit 14 section index 2)
        malloc (malloc.o (from clib-lc-sd-Foenix.a) unit 51 section index 2)

_ExitCloseStreams in section 'zdata'
 placed at address 0031e6-0031e9 of size 000004
(exitC99.o (from clib-lc-sd-Foenix.a) unit 10 section index 2)
    Defines:
        _ExitCloseStreams = 0031e6
    Referenced from:
        _Exit (exitC99.o (from clib-lc-sd-Foenix.a) unit 10 section index 3)
        __initialize_global_streams (streamlist.o (from clib-lc-sd-Foenix.a) unit 45 section index 3)

__global_streams in section 'zdata'
 placed at address 0031ea-003237 of size 00004e
(streamlist.o (from clib-lc-sd-Foenix.a) unit 45 section index 4)
    Defines:
        __global_streams = 0031ea
    Referenced from:
        printf (lib_printf.o (from clib-lc-sd-Foenix.a) unit 18 section index 2)
        (streamlist.o (from clib-lc-sd-Foenix.a) unit 45 section index 2)
        __initialize_global_streams (streamlist.o (from clib-lc-sd-Foenix.a) unit 45 section index 3)

errno in section 'zdata'  placed at address 003238-003239 of size 000002
(errno.o (from clib-lc-sd-Foenix.a) unit 32 section index 2)
    Defines:
        errno = 003238
    Referenced from:
        (lib_stdoutstream.o (from clib-lc-sd-Foenix.a) unit 30 section index 2)
        __lib_fflush (lib_libfflush.o (from clib-lc-sd-Foenix.a) unit 34 section index 2)
        _Stub_write (stub_write-lc-sd.o (from Foenix-lc-sd.a) unit 36 section index 2)
        __lib_fwrite (lib_libfwrite.o (from clib-lc-sd-Foenix.a) unit 39 section index 2)
        __lib_rdflush (lib_rdflush.o (from clib-lc-sd-Foenix.a) unit 40 section index 2)

_InitialStack in section 'zdata'
 placed at address 00323a-00323b of size 000002
(Foenix-startup-lc-sd.o (from Foenix-lc-sd.a) unit 5 section index 8)
    Defines:
        _InitialStack = 00323a
    Referenced from:
        __data_initialization_needed (Foenix-startup-lc-sd.o (from Foenix-lc-sd.a) unit 5 section index 3)
        _Stub_exit (stub_exit-lc-sd.o (from Foenix-lc-sd.a) unit 13 section index 2)

__vsprintf in section 'farcode'  placed at address 040000-04143c of size 00143d
(__vsprintf_float.o (from clib-lc-sd-Foenix.a) unit 20 section index 6)
    Defines:
        __vsprintf = 040000
    References:
        _Dp in (pseudoRegisters.o (from clib-lc-sd-Foenix.a) unit 6 section index 2)
        _JmpIndLong in (controlFlow.o (from clib-lc-sd-Foenix.a) unit 9 section index 3)
        _StringLiteral_inf in (__vsprintf_float.o (from clib-lc-sd-Foenix.a) unit 20 section index 3)
        _StringLiteral_nan in (__vsprintf_float.o (from clib-lc-sd-Foenix.a) unit 20 section index 4)
        _ValueSwitch16 in (vswitch16.o (from clib-lc-sd-Foenix.a) unit 25 section index 2)
        __dtoa_engine in (lib_dtoa_engine.o (from clib-lc-sd-Foenix.a) unit 26 section index 2)
        __ultoa_invert in (__vsprintf_float.o (from clib-lc-sd-Foenix.a) unit 20 section index 5)
        strnlen in (lib_strnlen.o (from clib-lc-sd-Foenix.a) unit 24 section index 2)
    Referenced from:
        vfprintf (lib_vfprintf.o (from clib-lc-sd-Foenix.a) unit 19 section index 2)
        (__vsprintf_float.o (from clib-lc-sd-Foenix.a) unit 20 section index 15)
        (__vsprintf_float.o (from clib-lc-sd-Foenix.a) unit 20 section index 16)

addTrack in section 'farcode'  placed at address 04143d-041cce of size 000892
(obj/playsong.o unit 1 section index 12)
    Defines:
        addTrack = 04143d
    References:
        SID_envelope in (obj/playsong.o unit 1 section index 5)
        _Dp in (pseudoRegisters.o (from clib-lc-sd-Foenix.a) unit 6 section index 2)
        _Float32Mul in (float32.o (from clib-lc-sd-Foenix.a) unit 27 section index 16)
        _Float32ToSInt32 in (float32.o (from clib-lc-sd-Foenix.a) unit 27 section index 9)
        _SInt32ToFloat32 in (float32.o (from clib-lc-sd-Foenix.a) unit 27 section index 6)
        `_StringLiteral_%c` in (obj/playsong.o unit 1 section index 8)
        `_StringLiteral_[60,45,32,85,110,101,120,112,101,99,116,101,100,32,99,104,97,114,97,99,116,101,114,13]` in (obj/playsong.o unit 1 section index 11)
        _ValueSwitch16 in (vswitch16.o (from clib-lc-sd-Foenix.a) unit 25 section index 2)
        exit in (exit.o (from clib-lc-sd-Foenix.a) unit 7 section index 3)
        noteLen in (obj/playsong.o unit 1 section index 6)
        notes in (obj/playsong.o unit 1 section index 2)
        printf in (lib_printf.o (from clib-lc-sd-Foenix.a) unit 18 section index 2)
        strcmp in (lib_strcmp.o (from clib-lc-sd-Foenix.a) unit 48 section index 2)
        strlen in (lib_strlen.o (from clib-lc-sd-Foenix.a) unit 49 section index 2)
    Referenced from:
        main (obj/main.o unit 0 section index 2)
        (obj/main.o unit 0 section index 8)
        (obj/main.o unit 0 section index 9)
        (obj/main.o unit 0 section index 10)
        (obj/main.o unit 0 section index 11)
        (obj/main.o unit 0 section index 12)
        (obj/main.o unit 0 section index 13)
        (obj/playsong.o unit 1 section index 33)

main in section 'farcode'  placed at address 041ccf-0422c8 of size 0005fa
(obj/main.o unit 0 section index 2)
    Defines:
        main = 041ccf
    References:
        _Dp in (pseudoRegisters.o (from clib-lc-sd-Foenix.a) unit 6 section index 2)
        `_StringLiteral_I1D4B3BBD4B3BRRhD4CB3C4D4hD4B3BBD4B3BRRhD4qD#4RwRB3BBRD4D4D4F#3D4F#3D4G3BGBD4B3BBD4B3BRRhD4RRhG3` in (obj/main.o unit 0 section index 25)
        `_StringLiteral_I1RG3GGRGGRRwRwRGGGRGGRRwRwRGGGRF#F#F#RwRwRGGGRGGRRwRh.` in (obj/main.o unit 0 section index 26)
        _StringLiteral_I1VfRwRhRB5qAtGtFtEtRhRwRwRhRqB5AtGtFtEtRhEwG5EEEAFFFAFAFBGBGRwRhRB5AtGtFtEtRFGhG6 in (obj/main.o unit 0 section index 27)
        `_StringLiteral_[13,13,84,114,97,99,107,49,58,32,37,115,13,13,84,114,97,99,107,50,58,32,37,115,13,13,84,114,97,99,107,51,58,32,37,115,13]` in (obj/main.o unit 0 section index 14)
        `_StringLiteral_[13,80,108,97,121,105,110,103,32,119,105,116,104,32,65,99,99,111,114,100,105,111,110,13]` in (obj/main.o unit 0 section index 15)
        `_StringLiteral_[13,80,108,97,121,105,110,103,32,119,105,116,104,32,68,105,115,116,111,114,116,101,100,32,83,121,110,116,104,13]` in (obj/main.o unit 0 section index 16)
        `_StringLiteral_[13,80,108,97,121,105,110,103,32,119,105,116,104,32,70,108,117,116,101,13]` in (obj/main.o unit 0 section index 17)
        `_StringLiteral_[13,80,108,97,121,105,110,103,32,119,105,116,104,32,71,117,105,116,97,114,13]` in (obj/main.o unit 0 section index 18)
        `_StringLiteral_[13,80,108,97,121,105,110,103,32,119,105,116,104,32,71,117,110,32,83,104,111,116,115,33,13]` in (obj/main.o unit 0 section index 19)
        `_StringLiteral_[13,80,108,97,121,105,110,103,32,119,105,116,104,32,72,97,114,112,115,105,99,104,111,114,100,13]` in (obj/main.o unit 0 section index 20)
        `_StringLiteral_[13,80,108,97,121,105,110,103,32,119,105,116,104,32,79,114,103,97,110,13]` in (obj/main.o unit 0 section index 22)
        `_StringLiteral_[13,80,108,97,121,105,110,103,32,119,105,116,104,32,79,98,111,101,13]` in (obj/main.o unit 0 section index 21)
        `_StringLiteral_[13,80,108,97,121,105,110,103,32,119,105,116,104,32,80,105,97,110,111,13]` in (obj/main.o unit 0 section index 23)
        `_StringLiteral_[13,80,108,97,121,105,110,103,32,119,105,116,104,32,88,121,108,111,112,104,111,110,101,13]` in (obj/main.o unit 0 section index 24)
        addTrack in (obj/playsong.o unit 1 section index 12)
        cleanTracks in (obj/playsong.o unit 1 section index 13)
        free in (free.o (from clib-lc-sd-Foenix.a) unit 14 section index 2)
        malloc in (malloc.o (from clib-lc-sd-Foenix.a) unit 51 section index 2)
        playSongSID in (obj/playsong.o unit 1 section index 15)
        printf in (lib_printf.o (from clib-lc-sd-Foenix.a) unit 18 section index 2)
        resetSID in (obj/playsong.o unit 1 section index 18)
        strcpy in (lib_strcpy.o (from clib-lc-sd-Foenix.a) unit 50 section index 2)
    Referenced from:
        (Foenix-startup-lc-sd.o (from Foenix-lc-sd.a) unit 5 section index 6)

__dtoa_engine in section 'farcode'
 placed at address 0422c9-0426f4 of size 00042c
(lib_dtoa_engine.o (from clib-lc-sd-Foenix.a) unit 26 section index 2)
    Defines:
        __dtoa_engine = 0422c9
    References:
        _Const_000000000000000a in (lib_dtoa_engine.o (from clib-lc-sd-Foenix.a) unit 26 section index 9)
        _Const_00000000000f4240 in (lib_dtoa_engine.o (from clib-lc-sd-Foenix.a) unit 26 section index 10)
        _Dp in (pseudoRegisters.o (from clib-lc-sd-Foenix.a) unit 6 section index 2)
        _Float32Add in (float32.o (from clib-lc-sd-Foenix.a) unit 27 section index 16)
        _Float32Div in (float32.o (from clib-lc-sd-Foenix.a) unit 27 section index 16)
        _Float32EQ in (float32.o (from clib-lc-sd-Foenix.a) unit 27 section index 2)
        _Float32GE in (float32.o (from clib-lc-sd-Foenix.a) unit 27 section index 5)
        _Float32LT in (float32.o (from clib-lc-sd-Foenix.a) unit 27 section index 3)
        _Float32Mul in (float32.o (from clib-lc-sd-Foenix.a) unit 27 section index 16)
        _Float32Sub in (float32.o (from clib-lc-sd-Foenix.a) unit 27 section index 16)
        _Float32ToUInt64 in (float32.o (from clib-lc-sd-Foenix.a) unit 27 section index 13)
        _UDiv64 in (integer.o (from clib-lc-sd-Foenix.a) unit 29 section index 15)
        _UMod64 in (integer.o (from clib-lc-sd-Foenix.a) unit 29 section index 15)
        g_dtoa_round in (lib_dtoa_data.o (from clib-lc-sd-Foenix.a) unit 28 section index 4)
        g_dtoa_scale_down in (lib_dtoa_data.o (from clib-lc-sd-Foenix.a) unit 28 section index 3)
        g_dtoa_scale_up in (lib_dtoa_data.o (from clib-lc-sd-Foenix.a) unit 28 section index 2)
    Referenced from:
        __vsprintf (__vsprintf_float.o (from clib-lc-sd-Foenix.a) unit 20 section index 6)

playSongSID in section 'farcode'
 placed at address 0426f5-0429f8 of size 000304
(obj/playsong.o unit 1 section index 15)
    Defines:
        playSongSID = 0426f5
    References:
        SidNotes in (obj/playsong.o unit 1 section index 4)
        _Div32 in (integer.o (from clib-lc-sd-Foenix.a) unit 29 section index 13)
        _Dp in (pseudoRegisters.o (from clib-lc-sd-Foenix.a) unit 6 section index 2)
        _SInt32ToFloat32 in (float32.o (from clib-lc-sd-Foenix.a) unit 27 section index 6)
        delay in (obj/playsong.o unit 1 section index 17)
        resetSID in (obj/playsong.o unit 1 section index 18)
        setInstrumentSID in (obj/playsong.o unit 1 section index 16)
    Referenced from:
        main (obj/main.o unit 0 section index 2)

__lib_fwrite in section 'farcode'
 placed at address 0429f9-042b3a of size 000142
(lib_libfwrite.o (from clib-lc-sd-Foenix.a) unit 39 section index 2)
    Defines:
        __lib_fwrite = 0429f9
    References:
        _Dp in (pseudoRegisters.o (from clib-lc-sd-Foenix.a) unit 6 section index 2)
        _Stub_write in (stub_write-lc-sd.o (from Foenix-lc-sd.a) unit 36 section index 2)
        __lib_fflush in (lib_libfflush.o (from clib-lc-sd-Foenix.a) unit 34 section index 2)
        __lib_rdflush in (lib_rdflush.o (from clib-lc-sd-Foenix.a) unit 40 section index 2)
        errno in (errno.o (from clib-lc-sd-Foenix.a) unit 32 section index 2)
    Referenced from:
        fputc (lib_fputc.o (from clib-lc-sd-Foenix.a) unit 33 section index 2)

_Float32LT in section 'farcode'  placed at address 042b3b-042b7a of size 000040
(float32.o (from clib-lc-sd-Foenix.a) unit 27 section index 3)
    Defines:
        _Float32LT = 042b3b
    References:
        _Dp in (pseudoRegisters.o (from clib-lc-sd-Foenix.a) unit 6 section index 2)
    Referenced from:
        delay (obj/playsong.o unit 1 section index 17)
        __dtoa_engine (lib_dtoa_engine.o (from clib-lc-sd-Foenix.a) unit 26 section index 2)

exitFloat32LT in section 'farcode'
 placed at address 042b7b-042b96 of size 00001c
(float32.o (from clib-lc-sd-Foenix.a) unit 27 section index 4)
    References:
        _Dp in (pseudoRegisters.o (from clib-lc-sd-Foenix.a) unit 6 section index 2)

_Float32GE in section 'farcode'  placed at address 042b97-042bd8 of size 000042
(float32.o (from clib-lc-sd-Foenix.a) unit 27 section index 5)
    Defines:
        _Float32GE = 042b97
    References:
        _Dp in (pseudoRegisters.o (from clib-lc-sd-Foenix.a) unit 6 section index 2)
    Referenced from:
        __dtoa_engine (lib_dtoa_engine.o (from clib-lc-sd-Foenix.a) unit 26 section index 2)

_SInt32ToFloat32 in section 'farcode'
 placed at address 042bd9-042bef of size 000017
(float32.o (from clib-lc-sd-Foenix.a) unit 27 section index 6)
    Defines:
        _SInt32ToFloat32 = 042bd9
    Referenced from:
        addTrack (obj/playsong.o unit 1 section index 12)
        playSongSID (obj/playsong.o unit 1 section index 15)

_UInt32ToFloat32 in section 'farcode'
 placed at address 042bf0-042c64 of size 000075
(float32.o (from clib-lc-sd-Foenix.a) unit 27 section index 7)
    Defines:
        _UInt32ToFloat32 = 042bf0
    References:
        _Dp in (pseudoRegisters.o (from clib-lc-sd-Foenix.a) unit 6 section index 2)

__lib_fflush in section 'farcode'
 placed at address 042c65-042d78 of size 000114
(lib_libfflush.o (from clib-lc-sd-Foenix.a) unit 34 section index 2)
    Defines:
        __lib_fflush = 042c65
    References:
        _Dp in (pseudoRegisters.o (from clib-lc-sd-Foenix.a) unit 6 section index 2)
        _Stub_write in (stub_write-lc-sd.o (from Foenix-lc-sd.a) unit 36 section index 2)
        errno in (errno.o (from clib-lc-sd-Foenix.a) unit 32 section index 2)
    Referenced from:
        (lib_stdoutstream.o (from clib-lc-sd-Foenix.a) unit 30 section index 3)
        fputc (lib_fputc.o (from clib-lc-sd-Foenix.a) unit 33 section index 2)
        __lib_fwrite (lib_libfwrite.o (from clib-lc-sd-Foenix.a) unit 39 section index 2)
        __lib_wrflush (lib_wrflush.o (from clib-lc-sd-Foenix.a) unit 44 section index 2)

setInstrumentSID in section 'farcode'
 placed at address 042d79-042e89 of size 000111
(obj/playsong.o unit 1 section index 16)
    Defines:
        setInstrumentSID = 042d79
    References:
        SID_envelope in (obj/playsong.o unit 1 section index 5)
        _Dp in (pseudoRegisters.o (from clib-lc-sd-Foenix.a) unit 6 section index 2)
    Referenced from:
        playSongSID (obj/playsong.o unit 1 section index 15)

__ultoa_invert in section 'farcode'
 placed at address 042e8a-042f91 of size 000108
(__vsprintf_float.o (from clib-lc-sd-Foenix.a) unit 20 section index 5)
    Defines:
        __ultoa_invert = 042e8a
    References:
        _Dp in (pseudoRegisters.o (from clib-lc-sd-Foenix.a) unit 6 section index 2)
        _UDiv64 in (integer.o (from clib-lc-sd-Foenix.a) unit 29 section index 15)
        _UMod64 in (integer.o (from clib-lc-sd-Foenix.a) unit 29 section index 15)
    Referenced from:
        __vsprintf (__vsprintf_float.o (from clib-lc-sd-Foenix.a) unit 20 section index 6)

malloc in section 'farcode'  placed at address 042f92-043083 of size 0000f2
(malloc.o (from clib-lc-sd-Foenix.a) unit 51 section index 2)
    Defines:
        malloc = 042f92
    References:
        _Dp in (pseudoRegisters.o (from clib-lc-sd-Foenix.a) unit 6 section index 2)
        __addfreechunk in (addfreechunk.o (from clib-lc-sd-Foenix.a) unit 15 section index 3)
        __default_heap in (heap_initialize.o (from clib-lc-sd-Foenix.a) unit 16 section index 7)
        __size2ndx in (addfreechunk.o (from clib-lc-sd-Foenix.a) unit 15 section index 2)
    Referenced from:
        main (obj/main.o unit 0 section index 2)

free in section 'farcode'  placed at address 043084-043164 of size 0000e1
(free.o (from clib-lc-sd-Foenix.a) unit 14 section index 2)
    Defines:
        free = 043084
    References:
        _Dp in (pseudoRegisters.o (from clib-lc-sd-Foenix.a) unit 6 section index 2)
        __addfreechunk in (addfreechunk.o (from clib-lc-sd-Foenix.a) unit 15 section index 3)
        __default_heap in (heap_initialize.o (from clib-lc-sd-Foenix.a) unit 16 section index 7)
    Referenced from:
        main (obj/main.o unit 0 section index 2)

__heap_addregion in section 'farcode'
 placed at address 043165-043222 of size 0000be
(heap_initialize.o (from clib-lc-sd-Foenix.a) unit 16 section index 2)
    Defines:
        __heap_addregion = 043165
    References:
        _Dp in (pseudoRegisters.o (from clib-lc-sd-Foenix.a) unit 6 section index 2)
        __addfreechunk in (addfreechunk.o (from clib-lc-sd-Foenix.a) unit 15 section index 3)
    Referenced from:
        __heap_initialize (heap_initialize.o (from clib-lc-sd-Foenix.a) unit 16 section index 3)

_UDiv64 in section 'farcode'  placed at address 043223-0432d4 of size 0000b2
(integer.o (from clib-lc-sd-Foenix.a) unit 29 section index 15)
    Defines:
        _UMod64 = 043226
        _UDiv64 = 043223
    References:
        _Dp in (pseudoRegisters.o (from clib-lc-sd-Foenix.a) unit 6 section index 2)
    Referenced from:
        __ultoa_invert (__vsprintf_float.o (from clib-lc-sd-Foenix.a) unit 20 section index 5)
        __dtoa_engine (lib_dtoa_engine.o (from clib-lc-sd-Foenix.a) unit 26 section index 2)

DivMod32 in section 'farcode'  placed at address 0432d5-0432fa of size 000026
(integer.o (from clib-lc-sd-Foenix.a) unit 29 section index 10)
    References:
        _Dp in (pseudoRegisters.o (from clib-lc-sd-Foenix.a) unit 6 section index 2)
        _UDivMod32 in (integer.o (from clib-lc-sd-Foenix.a) unit 29 section index 11)

_UDivMod32 in section 'farcode'  placed at address 0432fb-043343 of size 000049
(integer.o (from clib-lc-sd-Foenix.a) unit 29 section index 11)
    Defines:
        _UDivMod32 = 0432fb
    References:
        _Dp in (pseudoRegisters.o (from clib-lc-sd-Foenix.a) unit 6 section index 2)
    Referenced from:
        (integer.o (from clib-lc-sd-Foenix.a) unit 29 section index 10)

_Div32 in section 'farcode'  placed at address 043344-043350 of size 00000d
(integer.o (from clib-lc-sd-Foenix.a) unit 29 section index 13)
    Defines:
        _Div32 = 043344
    References:
        _Dp in (pseudoRegisters.o (from clib-lc-sd-Foenix.a) unit 6 section index 2)
    Referenced from:
        playSongSID (obj/playsong.o unit 1 section index 15)

_DivModSign32 in section 'farcode'
 placed at address 043351-043366 of size 000016
(integer.o (from clib-lc-sd-Foenix.a) unit 29 section index 14)
    Defines:
        _DivModSign32 = 043351
    References:
        _Dp in (pseudoRegisters.o (from clib-lc-sd-Foenix.a) unit 6 section index 2)

showTracks in section 'farcode'  placed at address 043367-0433f2 of size 00008c
(obj/playsong.o unit 1 section index 14)
    Defines:
        showTracks = 043367
    References:
        _Dp in (pseudoRegisters.o (from clib-lc-sd-Foenix.a) unit 6 section index 2)
        `_StringLiteral_%d ` in (obj/playsong.o unit 1 section index 9)
        `_StringLiteral_%d-` in (obj/playsong.o unit 1 section index 10)
        `_StringLiteral_[13]` in (obj/playsong.o unit 1 section index 7)
        printf in (lib_printf.o (from clib-lc-sd-Foenix.a) unit 18 section index 2)

_ValueSwitch16 in section 'farcode'
 placed at address 0433f3-04347a of size 000088
(vswitch16.o (from clib-lc-sd-Foenix.a) unit 25 section index 2)
    Defines:
        _ValueSwitch16 = 0433f3
    References:
        _Dp in (pseudoRegisters.o (from clib-lc-sd-Foenix.a) unit 6 section index 2)
    Referenced from:
        addTrack (obj/playsong.o unit 1 section index 12)
        __vsprintf (__vsprintf_float.o (from clib-lc-sd-Foenix.a) unit 20 section index 6)

__initialize_sections in section 'farcode'
 placed at address 04347b-043501 of size 000087
(initialize.o (from clib-lc-sd-Foenix.a) unit 52 section index 2)
    Defines:
        __initialize_sections = 04347b
    References:
        _Dp in (pseudoRegisters.o (from clib-lc-sd-Foenix.a) unit 6 section index 2)
        __memcpy_far in (memcpy_far.o (from clib-lc-sd-Foenix.a) unit 54 section index 2)
        __memset_far in (memset_far.o (from clib-lc-sd-Foenix.a) unit 53 section index 2)
    Referenced from:
        __data_initialization_needed (Foenix-startup-lc-sd.o (from Foenix-lc-sd.a) unit 5 section index 3)

__heap_initialize in section 'farcode'
 placed at address 043502-043582 of size 000081
(heap_initialize.o (from clib-lc-sd-Foenix.a) unit 16 section index 3)
    Defines:
        __heap_initialize = 043502
    References:
        _Dp in (pseudoRegisters.o (from clib-lc-sd-Foenix.a) unit 6 section index 2)
        __heap_addregion in (heap_initialize.o (from clib-lc-sd-Foenix.a) unit 16 section index 2)
        memset in (lib_memset.o (from clib-lc-sd-Foenix.a) unit 17 section index 2)
    Referenced from:
        __call_heap_initialize (Foenix-startup-lc-sd.o (from Foenix-lc-sd.a) unit 5 section index 5)

floatToUInt64 in section 'farcode'
 placed at address 043583-0435fe of size 00007c
(float32.o (from clib-lc-sd-Foenix.a) unit 27 section index 15)
    References:
        _Dp in (pseudoRegisters.o (from clib-lc-sd-Foenix.a) unit 6 section index 2)

__lib_rdflush in section 'farcode'
 placed at address 0435ff-043673 of size 000075
(lib_rdflush.o (from clib-lc-sd-Foenix.a) unit 40 section index 2)
    Defines:
        __lib_rdflush = 0435ff
    References:
        _Dp in (pseudoRegisters.o (from clib-lc-sd-Foenix.a) unit 6 section index 2)
        errno in (errno.o (from clib-lc-sd-Foenix.a) unit 32 section index 2)
        fseek in (lib_fseek.o (from clib-lc-sd-Foenix.a) unit 41 section index 2)
    Referenced from:
        __lib_fwrite (lib_libfwrite.o (from clib-lc-sd-Foenix.a) unit 39 section index 2)
        fseek (lib_fseek.o (from clib-lc-sd-Foenix.a) unit 41 section index 2)

__addfreechunk in section 'farcode'
 placed at address 043674-0436e3 of size 000070
(addfreechunk.o (from clib-lc-sd-Foenix.a) unit 15 section index 3)
    Defines:
        __addfreechunk = 043674
    References:
        _Dp in (pseudoRegisters.o (from clib-lc-sd-Foenix.a) unit 6 section index 2)
        __size2ndx in (addfreechunk.o (from clib-lc-sd-Foenix.a) unit 15 section index 2)
    Referenced from:
        free (free.o (from clib-lc-sd-Foenix.a) unit 14 section index 2)
        __heap_addregion (heap_initialize.o (from clib-lc-sd-Foenix.a) unit 16 section index 2)
        malloc (malloc.o (from clib-lc-sd-Foenix.a) unit 51 section index 2)

resetSID in section 'farcode'  placed at address 0436e4-04374e of size 00006b
(obj/playsong.o unit 1 section index 18)
    Defines:
        resetSID = 0436e4
    Referenced from:
        main (obj/main.o unit 0 section index 2)
        playSongSID (obj/playsong.o unit 1 section index 15)

fputc in section 'farcode'  placed at address 04374f-0437b4 of size 000066
(lib_fputc.o (from clib-lc-sd-Foenix.a) unit 33 section index 2)
    Defines:
        fputc = 04374f
    References:
        _Dp in (pseudoRegisters.o (from clib-lc-sd-Foenix.a) unit 6 section index 2)
        __lib_fflush in (lib_libfflush.o (from clib-lc-sd-Foenix.a) unit 34 section index 2)
        __lib_fwrite in (lib_libfwrite.o (from clib-lc-sd-Foenix.a) unit 39 section index 2)
    Referenced from:
        (lib_stdoutstream.o (from clib-lc-sd-Foenix.a) unit 30 section index 2)

_Stub_write in section 'farcode'
 placed at address 0437b5-043812 of size 00005e
(stub_write-lc-sd.o (from Foenix-lc-sd.a) unit 36 section index 2)
    Defines:
        _Stub_write = 0437b5
    References:
        _Dp in (pseudoRegisters.o (from clib-lc-sd-Foenix.a) unit 6 section index 2)
        _Stub_putchar in (stub_putchar-lc-sd.o (from Foenix-lc-sd.a) unit 38 section index 2)
        errno in (errno.o (from clib-lc-sd-Foenix.a) unit 32 section index 2)
    Referenced from:
        __lib_fflush (lib_libfflush.o (from clib-lc-sd-Foenix.a) unit 34 section index 2)
        __lib_fwrite (lib_libfwrite.o (from clib-lc-sd-Foenix.a) unit 39 section index 2)

cleanTracks in section 'farcode'
 placed at address 043813-04386f of size 00005d
(obj/playsong.o unit 1 section index 13)
    Defines:
        cleanTracks = 043813
    References:
        _Dp in (pseudoRegisters.o (from clib-lc-sd-Foenix.a) unit 6 section index 2)
    Referenced from:
        main (obj/main.o unit 0 section index 2)
        (obj/main.o unit 0 section index 3)
        (obj/main.o unit 0 section index 5)
        (obj/main.o unit 0 section index 6)
        (obj/main.o unit 0 section index 7)

fseek in section 'farcode'  placed at address 043870-0438cb of size 00005c
(lib_fseek.o (from clib-lc-sd-Foenix.a) unit 41 section index 2)
    Defines:
        fseek = 043870
    References:
        _Dp in (pseudoRegisters.o (from clib-lc-sd-Foenix.a) unit 6 section index 2)
        _Stub_lseek in (stub_lseek-lc-sd.o (from Foenix-lc-sd.a) unit 43 section index 2)
        __lib_rdflush in (lib_rdflush.o (from clib-lc-sd-Foenix.a) unit 40 section index 2)
        __lib_wrflush in (lib_wrflush.o (from clib-lc-sd-Foenix.a) unit 44 section index 2)
    Referenced from:
        __lib_rdflush (lib_rdflush.o (from clib-lc-sd-Foenix.a) unit 40 section index 2)

floatToUInt32 in section 'farcode'
 placed at address 0438cc-043920 of size 000055
(float32.o (from clib-lc-sd-Foenix.a) unit 27 section index 10)

strcmp in section 'farcode'  placed at address 043921-043974 of size 000054
(lib_strcmp.o (from clib-lc-sd-Foenix.a) unit 48 section index 2)
    Defines:
        strcmp = 043921
    References:
        _Dp in (pseudoRegisters.o (from clib-lc-sd-Foenix.a) unit 6 section index 2)
    Referenced from:
        addTrack (obj/playsong.o unit 1 section index 12)

__memcpy_far in section 'farcode'
 placed at address 043975-0439c3 of size 00004f
(memcpy_far.o (from clib-lc-sd-Foenix.a) unit 54 section index 2)
    Defines:
        __memcpy_far = 043975
    References:
        _Dp in (pseudoRegisters.o (from clib-lc-sd-Foenix.a) unit 6 section index 2)
    Referenced from:
        __initialize_sections (initialize.o (from clib-lc-sd-Foenix.a) unit 52 section index 2)

__memset_far in section 'farcode'
 placed at address 0439c4-043a10 of size 00004d
(memset_far.o (from clib-lc-sd-Foenix.a) unit 53 section index 2)
    Defines:
        __memset_far = 0439c4
    References:
        _Dp in (pseudoRegisters.o (from clib-lc-sd-Foenix.a) unit 6 section index 2)
    Referenced from:
        __initialize_sections (initialize.o (from clib-lc-sd-Foenix.a) unit 52 section index 2)

exit in section 'farcode'  placed at address 043a11-043a59 of size 000049
(exit.o (from clib-lc-sd-Foenix.a) unit 7 section index 3)
    Defines:
        exit = 043a11
    References:
        _Dp in (pseudoRegisters.o (from clib-lc-sd-Foenix.a) unit 6 section index 2)
        _Exit in (exitC99.o (from clib-lc-sd-Foenix.a) unit 10 section index 3)
        _JmpIndLong in (controlFlow.o (from clib-lc-sd-Foenix.a) unit 9 section index 3)
        __atexit in (exit.o (from clib-lc-sd-Foenix.a) unit 7 section index 2)
    Referenced from:
        addTrack (obj/playsong.o unit 1 section index 12)
        (Foenix-startup-lc-sd.o (from Foenix-lc-sd.a) unit 5 section index 6)

__initialize_global_streams in section 'farcode'
 placed at address 043a5a-043aa2 of size 000049
(streamlist.o (from clib-lc-sd-Foenix.a) unit 45 section index 3)
    Defines:
        __initialize_global_streams = 043a5a
    References:
        _ExitCloseStreams in (exitC99.o (from clib-lc-sd-Foenix.a) unit 10 section index 2)
        __global_streams in (streamlist.o (from clib-lc-sd-Foenix.a) unit 45 section index 4)
    Referenced from:
        __call_initialize_global_streams (Foenix-startup-lc-sd.o (from Foenix-lc-sd.a) unit 5 section index 4)

__lib_stdoutstream in section 'farcode'
 placed at address 043aa3-043ae9 of size 000047
(lib_stdoutstream.o (from clib-lc-sd-Foenix.a) unit 30 section index 4)
    Defines:
        __lib_stdoutstream = 043aa3
    References:
        _Dp in (pseudoRegisters.o (from clib-lc-sd-Foenix.a) unit 6 section index 2)
        __lib_noflush in (lib_libnoflush.o (from clib-lc-sd-Foenix.a) unit 31 section index 2)
    Referenced from:
        vfprintf (lib_vfprintf.o (from clib-lc-sd-Foenix.a) unit 19 section index 2)

strcpy in section 'farcode'  placed at address 043aea-043b30 of size 000047
(lib_strcpy.o (from clib-lc-sd-Foenix.a) unit 50 section index 2)
    Defines:
        strcpy = 043aea
    References:
        _Dp in (pseudoRegisters.o (from clib-lc-sd-Foenix.a) unit 6 section index 2)
    Referenced from:
        main (obj/main.o unit 0 section index 2)

vfprintf in section 'farcode'  placed at address 043b31-043b73 of size 000043
(lib_vfprintf.o (from clib-lc-sd-Foenix.a) unit 19 section index 2)
    Defines:
        vfprintf = 043b31
    References:
        _Dp in (pseudoRegisters.o (from clib-lc-sd-Foenix.a) unit 6 section index 2)
        __lib_stdoutstream in (lib_stdoutstream.o (from clib-lc-sd-Foenix.a) unit 30 section index 4)
        __vsprintf in (__vsprintf_float.o (from clib-lc-sd-Foenix.a) unit 20 section index 6)
    Referenced from:
        printf (lib_printf.o (from clib-lc-sd-Foenix.a) unit 18 section index 2)

memset in section 'farcode'  placed at address 043b74-043bb6 of size 000043
(lib_memset.o (from clib-lc-sd-Foenix.a) unit 17 section index 2)
    Defines:
        memset = 043b74
    References:
        _Dp in (pseudoRegisters.o (from clib-lc-sd-Foenix.a) unit 6 section index 2)
    Referenced from:
        __heap_initialize (heap_initialize.o (from clib-lc-sd-Foenix.a) unit 16 section index 3)

_Float32EQ in section 'farcode'  placed at address 043bb7-043bf8 of size 000042
(float32.o (from clib-lc-sd-Foenix.a) unit 27 section index 2)
    Defines:
        _Float32EQ = 043bb7
    References:
        _Dp in (pseudoRegisters.o (from clib-lc-sd-Foenix.a) unit 6 section index 2)
    Referenced from:
        __dtoa_engine (lib_dtoa_engine.o (from clib-lc-sd-Foenix.a) unit 26 section index 2)

delay in section 'farcode'  placed at address 043bf9-043c38 of size 000040
(obj/playsong.o unit 1 section index 17)
    Defines:
        delay = 043bf9
    References:
        _Dp in (pseudoRegisters.o (from clib-lc-sd-Foenix.a) unit 6 section index 2)
        _Float32Add in (float32.o (from clib-lc-sd-Foenix.a) unit 27 section index 16)
        _Float32LT in (float32.o (from clib-lc-sd-Foenix.a) unit 27 section index 3)
    Referenced from:
        playSongSID (obj/playsong.o unit 1 section index 15)

_Float32Add in section 'farcode'
 placed at address 043c39-043c76 of size 00003e
(float32.o (from clib-lc-sd-Foenix.a) unit 27 section index 16)
    Defines:
        _Float32Sub = 043c3e
        _Float32Mul = 043c43
        _Float32Div = 043c48
        _Float32Add = 043c39
    References:
        _Dp in (pseudoRegisters.o (from clib-lc-sd-Foenix.a) unit 6 section index 2)
    Referenced from:
        addTrack (obj/playsong.o unit 1 section index 12)
        delay (obj/playsong.o unit 1 section index 17)
        __dtoa_engine (lib_dtoa_engine.o (from clib-lc-sd-Foenix.a) unit 26 section index 2)

`?L3` in section 'farcode'  placed at address 043c77-043cb2 of size 00003c
(lib_stdoutstream.o (from clib-lc-sd-Foenix.a) unit 30 section index 2)
    References:
        _Dp in (pseudoRegisters.o (from clib-lc-sd-Foenix.a) unit 6 section index 2)
        errno in (errno.o (from clib-lc-sd-Foenix.a) unit 32 section index 2)
        fputc in (lib_fputc.o (from clib-lc-sd-Foenix.a) unit 33 section index 2)

`?L19` in section 'farcode'  placed at address 043cb3-043cea of size 000038
(streamlist.o (from clib-lc-sd-Foenix.a) unit 45 section index 2)
    References:
        _Stub_close in (stub_close-lc-sd.o (from Foenix-lc-sd.a) unit 47 section index 2)
        __global_streams in (streamlist.o (from clib-lc-sd-Foenix.a) unit 45 section index 4)

__size2ndx in section 'farcode'  placed at address 043ceb-043d1c of size 000032
(addfreechunk.o (from clib-lc-sd-Foenix.a) unit 15 section index 2)
    Defines:
        __size2ndx = 043ceb
    References:
        _Dp in (pseudoRegisters.o (from clib-lc-sd-Foenix.a) unit 6 section index 2)
    Referenced from:
        __addfreechunk (addfreechunk.o (from clib-lc-sd-Foenix.a) unit 15 section index 3)
        malloc (malloc.o (from clib-lc-sd-Foenix.a) unit 51 section index 2)

strnlen in section 'farcode'  placed at address 043d1d-043d4d of size 000031
(lib_strnlen.o (from clib-lc-sd-Foenix.a) unit 24 section index 2)
    Defines:
        strnlen = 043d1d
    References:
        _Dp in (pseudoRegisters.o (from clib-lc-sd-Foenix.a) unit 6 section index 2)
    Referenced from:
        __vsprintf (__vsprintf_float.o (from clib-lc-sd-Foenix.a) unit 20 section index 6)

_Exit in section 'farcode'  placed at address 043d4e-043d78 of size 00002b
(exitC99.o (from clib-lc-sd-Foenix.a) unit 10 section index 3)
    Defines:
        _Exit = 043d4e
    References:
        _Dp in (pseudoRegisters.o (from clib-lc-sd-Foenix.a) unit 6 section index 2)
        _ExitCloseStreams in (exitC99.o (from clib-lc-sd-Foenix.a) unit 10 section index 2)
        _JmpIndLong in (controlFlow.o (from clib-lc-sd-Foenix.a) unit 9 section index 3)
        _Stub_exit in (stub_exit-lc-sd.o (from Foenix-lc-sd.a) unit 13 section index 2)
    Referenced from:
        exit (exit.o (from clib-lc-sd-Foenix.a) unit 7 section index 3)

_Float32ToSInt32 in section 'farcode'
 placed at address 043d79-043d9a of size 000022
(float32.o (from clib-lc-sd-Foenix.a) unit 27 section index 9)
    Defines:
        _Float32ToSInt32 = 043d79
    Referenced from:
        addTrack (obj/playsong.o unit 1 section index 12)

__lib_wrflush in section 'farcode'
 placed at address 043d9b-043db9 of size 00001f
(lib_wrflush.o (from clib-lc-sd-Foenix.a) unit 44 section index 2)
    Defines:
        __lib_wrflush = 043d9b
    References:
        _Dp in (pseudoRegisters.o (from clib-lc-sd-Foenix.a) unit 6 section index 2)
        __lib_fflush in (lib_libfflush.o (from clib-lc-sd-Foenix.a) unit 34 section index 2)
    Referenced from:
        fseek (lib_fseek.o (from clib-lc-sd-Foenix.a) unit 41 section index 2)

printf in section 'farcode'  placed at address 043dba-043dd4 of size 00001b
(lib_printf.o (from clib-lc-sd-Foenix.a) unit 18 section index 2)
    Defines:
        printf = 043dba
    References:
        _Dp in (pseudoRegisters.o (from clib-lc-sd-Foenix.a) unit 6 section index 2)
        __global_streams in (streamlist.o (from clib-lc-sd-Foenix.a) unit 45 section index 4)
        vfprintf in (lib_vfprintf.o (from clib-lc-sd-Foenix.a) unit 19 section index 2)
    Referenced from:
        main (obj/main.o unit 0 section index 2)
        (obj/main.o unit 0 section index 4)
        addTrack (obj/playsong.o unit 1 section index 12)
        showTracks (obj/playsong.o unit 1 section index 14)

strlen in section 'farcode'  placed at address 043dd5-043deb of size 000017
(lib_strlen.o (from clib-lc-sd-Foenix.a) unit 49 section index 2)
    Defines:
        strlen = 043dd5
    References:
        _Dp in (pseudoRegisters.o (from clib-lc-sd-Foenix.a) unit 6 section index 2)
    Referenced from:
        addTrack (obj/playsong.o unit 1 section index 12)

`?L122` in section 'farcode'  placed at address 043dec-043e01 of size 000016
(lib_dtoa_engine.o (from clib-lc-sd-Foenix.a) unit 26 section index 4)
    References:
        _Dp in (pseudoRegisters.o (from clib-lc-sd-Foenix.a) unit 6 section index 2)

`?L626` in section 'farcode'  placed at address 043e02-043e15 of size 000014
(__vsprintf_float.o (from clib-lc-sd-Foenix.a) unit 20 section index 9)
    References:
        _Dp in (pseudoRegisters.o (from clib-lc-sd-Foenix.a) unit 6 section index 2)

`?L123` in section 'farcode'  placed at address 043e16-043e28 of size 000013
(lib_dtoa_engine.o (from clib-lc-sd-Foenix.a) unit 26 section index 5)
    References:
        _Dp in (pseudoRegisters.o (from clib-lc-sd-Foenix.a) unit 6 section index 2)

_Float32ToUInt64 in section 'farcode'
 placed at address 043e29-043e3b of size 000013
(float32.o (from clib-lc-sd-Foenix.a) unit 27 section index 13)
    Defines:
        _Float32ToUInt64 = 043e29
    References:
        _Dp in (pseudoRegisters.o (from clib-lc-sd-Foenix.a) unit 6 section index 2)
    Referenced from:
        __dtoa_engine (lib_dtoa_engine.o (from clib-lc-sd-Foenix.a) unit 26 section index 2)

`?L87` in section 'farcode'  placed at address 043e3c-043e4e of size 000013
(obj/main.o unit 0 section index 7)
    References:
        _Dp in (pseudoRegisters.o (from clib-lc-sd-Foenix.a) unit 6 section index 2)
        cleanTracks in (obj/playsong.o unit 1 section index 13)

`?L86` in section 'farcode'  placed at address 043e4f-043e61 of size 000013
(obj/main.o unit 0 section index 6)
    References:
        _Dp in (pseudoRegisters.o (from clib-lc-sd-Foenix.a) unit 6 section index 2)
        cleanTracks in (obj/playsong.o unit 1 section index 13)

`?L85` in section 'farcode'  placed at address 043e62-043e74 of size 000013
(obj/main.o unit 0 section index 5)
    References:
        _Dp in (pseudoRegisters.o (from clib-lc-sd-Foenix.a) unit 6 section index 2)
        cleanTracks in (obj/playsong.o unit 1 section index 13)

`?L82` in section 'farcode'  placed at address 043e75-043e87 of size 000013
(obj/main.o unit 0 section index 3)
    References:
        _Dp in (pseudoRegisters.o (from clib-lc-sd-Foenix.a) unit 6 section index 2)
        cleanTracks in (obj/playsong.o unit 1 section index 13)

`?L627` in section 'farcode'  placed at address 043e88-043e99 of size 000012
(__vsprintf_float.o (from clib-lc-sd-Foenix.a) unit 20 section index 10)
    References:
        _Dp in (pseudoRegisters.o (from clib-lc-sd-Foenix.a) unit 6 section index 2)

`?L26` in section 'farcode'  placed at address 043e9a-043eaa of size 000011
(addfreechunk.o (from clib-lc-sd-Foenix.a) unit 15 section index 4)
    References:
        _Dp in (pseudoRegisters.o (from clib-lc-sd-Foenix.a) unit 6 section index 2)

`?L124` in section 'farcode'  placed at address 043eab-043ebb of size 000011
(lib_dtoa_engine.o (from clib-lc-sd-Foenix.a) unit 26 section index 6)
    References:
        _Dp in (pseudoRegisters.o (from clib-lc-sd-Foenix.a) unit 6 section index 2)

`?L302` in section 'farcode'  placed at address 043ebc-043ecc of size 000011
(obj/playsong.o unit 1 section index 24)
    References:
        _Dp in (pseudoRegisters.o (from clib-lc-sd-Foenix.a) unit 6 section index 2)

`?L297` in section 'farcode'  placed at address 043ecd-043edd of size 000011
(obj/playsong.o unit 1 section index 19)
    References:
        _Dp in (pseudoRegisters.o (from clib-lc-sd-Foenix.a) unit 6 section index 2)

`?L299` in section 'farcode'  placed at address 043ede-043eed of size 000010
(obj/playsong.o unit 1 section index 21)

`?L298` in section 'farcode'  placed at address 043eee-043efd of size 000010
(obj/playsong.o unit 1 section index 20)

`?L300` in section 'farcode'  placed at address 043efe-043f0c of size 00000f
(obj/playsong.o unit 1 section index 22)
    References:
        _Dp in (pseudoRegisters.o (from clib-lc-sd-Foenix.a) unit 6 section index 2)

`?L624` in section 'farcode'  placed at address 043f0d-043f1a of size 00000e
(__vsprintf_float.o (from clib-lc-sd-Foenix.a) unit 20 section index 7)
    References:
        _Dp in (pseudoRegisters.o (from clib-lc-sd-Foenix.a) unit 6 section index 2)

stdoutstream_flush in section 'farcode'
 placed at address 043f1b-043f28 of size 00000e
(lib_stdoutstream.o (from clib-lc-sd-Foenix.a) unit 30 section index 3)
    References:
        _Dp in (pseudoRegisters.o (from clib-lc-sd-Foenix.a) unit 6 section index 2)
        __lib_fflush in (lib_libfflush.o (from clib-lc-sd-Foenix.a) unit 34 section index 2)

_JmpIndLong in section 'farcode'
 placed at address 043f29-043f36 of size 00000e
(controlFlow.o (from clib-lc-sd-Foenix.a) unit 9 section index 3)
    Defines:
        _JmpIndLong = 043f29
    References:
        _Dp in (pseudoRegisters.o (from clib-lc-sd-Foenix.a) unit 6 section index 2)
    Referenced from:
        exit (exit.o (from clib-lc-sd-Foenix.a) unit 7 section index 3)
        _Exit (exitC99.o (from clib-lc-sd-Foenix.a) unit 10 section index 3)
        __vsprintf (__vsprintf_float.o (from clib-lc-sd-Foenix.a) unit 20 section index 6)

`?L630` in section 'farcode'  placed at address 043f37-043f43 of size 00000d
(__vsprintf_float.o (from clib-lc-sd-Foenix.a) unit 20 section index 12)
    References:
        _Dp in (pseudoRegisters.o (from clib-lc-sd-Foenix.a) unit 6 section index 2)

`?L126` in section 'farcode'  placed at address 043f44-043f50 of size 00000d
(lib_dtoa_engine.o (from clib-lc-sd-Foenix.a) unit 26 section index 8)
    References:
        _Dp in (pseudoRegisters.o (from clib-lc-sd-Foenix.a) unit 6 section index 2)

`?L125` in section 'farcode'  placed at address 043f51-043f5d of size 00000d
(lib_dtoa_engine.o (from clib-lc-sd-Foenix.a) unit 26 section index 7)
    References:
        _Dp in (pseudoRegisters.o (from clib-lc-sd-Foenix.a) unit 6 section index 2)

`?L305` in section 'farcode'  placed at address 043f5e-043f6a of size 00000d
(obj/playsong.o unit 1 section index 27)

`?L37` in section 'farcode'  placed at address 043f6b-043f76 of size 00000c
(lib_libfflush.o (from clib-lc-sd-Foenix.a) unit 34 section index 3)

`?L307` in section 'farcode'  placed at address 043f77-043f82 of size 00000c
(obj/playsong.o unit 1 section index 29)
    References:
        _Dp in (pseudoRegisters.o (from clib-lc-sd-Foenix.a) unit 6 section index 2)

`?L23` in section 'farcode'  placed at address 043f83-043f8d of size 00000b
(heap_initialize.o (from clib-lc-sd-Foenix.a) unit 16 section index 5)
    References:
        _Dp in (pseudoRegisters.o (from clib-lc-sd-Foenix.a) unit 6 section index 2)

`?L22` in section 'farcode'  placed at address 043f8e-043f98 of size 00000b
(heap_initialize.o (from clib-lc-sd-Foenix.a) unit 16 section index 4)
    References:
        _Dp in (pseudoRegisters.o (from clib-lc-sd-Foenix.a) unit 6 section index 2)

`?L301` in section 'farcode'  placed at address 043f99-043fa2 of size 00000a
(obj/playsong.o unit 1 section index 23)
    References:
        SID_envelope in (obj/playsong.o unit 1 section index 5)

`?L121` in section 'farcode'  placed at address 043fa3-043fab of size 000009
(lib_dtoa_engine.o (from clib-lc-sd-Foenix.a) unit 26 section index 3)
    References:
        _Dp in (pseudoRegisters.o (from clib-lc-sd-Foenix.a) unit 6 section index 2)

_Stub_putchar in section 'farcode'
 placed at address 043fac-043fb3 of size 000008
(stub_putchar-lc-sd.o (from Foenix-lc-sd.a) unit 38 section index 2)
    Defines:
        _Stub_putchar = 043fac
    Referenced from:
        _Stub_write (stub_write-lc-sd.o (from Foenix-lc-sd.a) unit 36 section index 2)

`?L310` in section 'farcode'  placed at address 043fb4-043fbb of size 000008
(obj/playsong.o unit 1 section index 32)

`?L308` in section 'farcode'  placed at address 043fbc-043fc3 of size 000008
(obj/playsong.o unit 1 section index 30)

`?L304` in section 'farcode'  placed at address 043fc4-043fcb of size 000008
(obj/playsong.o unit 1 section index 26)

`?L303` in section 'farcode'  placed at address 043fcc-043fd3 of size 000008
(obj/playsong.o unit 1 section index 25)

`?L93` in section 'farcode'  placed at address 043fd4-043fdb of size 000008
(obj/main.o unit 0 section index 13)
    References:
        addTrack in (obj/playsong.o unit 1 section index 12)

`?L92` in section 'farcode'  placed at address 043fdc-043fe3 of size 000008
(obj/main.o unit 0 section index 12)
    References:
        addTrack in (obj/playsong.o unit 1 section index 12)

`?L91` in section 'farcode'  placed at address 043fe4-043feb of size 000008
(obj/main.o unit 0 section index 11)
    References:
        addTrack in (obj/playsong.o unit 1 section index 12)

`?L90` in section 'farcode'  placed at address 043fec-043ff3 of size 000008
(obj/main.o unit 0 section index 10)
    References:
        addTrack in (obj/playsong.o unit 1 section index 12)

`?L89` in section 'farcode'  placed at address 043ff4-043ffb of size 000008
(obj/main.o unit 0 section index 9)
    References:
        addTrack in (obj/playsong.o unit 1 section index 12)

`?L88` in section 'farcode'  placed at address 043ffc-044003 of size 000008
(obj/main.o unit 0 section index 8)
    References:
        addTrack in (obj/playsong.o unit 1 section index 12)

`?L632` in section 'farcode'  placed at address 044004-04400a of size 000007
(__vsprintf_float.o (from clib-lc-sd-Foenix.a) unit 20 section index 14)

`?L631` in section 'farcode'  placed at address 04400b-044011 of size 000007
(__vsprintf_float.o (from clib-lc-sd-Foenix.a) unit 20 section index 13)

`?L629` in section 'farcode'  placed at address 044012-044018 of size 000007
(__vsprintf_float.o (from clib-lc-sd-Foenix.a) unit 20 section index 11)
    References:
        _Dp in (pseudoRegisters.o (from clib-lc-sd-Foenix.a) unit 6 section index 2)

`?L24` in section 'farcode'  placed at address 044019-04401f of size 000007
(heap_initialize.o (from clib-lc-sd-Foenix.a) unit 16 section index 6)
    References:
        _Dp in (pseudoRegisters.o (from clib-lc-sd-Foenix.a) unit 6 section index 2)

_Stub_lseek in section 'farcode'
 placed at address 044020-044026 of size 000007
(stub_lseek-lc-sd.o (from Foenix-lc-sd.a) unit 43 section index 2)
    Defines:
        _Stub_lseek = 044020
    Referenced from:
        fseek (lib_fseek.o (from clib-lc-sd-Foenix.a) unit 41 section index 2)

`?L309` in section 'farcode'  placed at address 044027-04402d of size 000007
(obj/playsong.o unit 1 section index 31)

`?L306` in section 'farcode'  placed at address 04402e-044034 of size 000007
(obj/playsong.o unit 1 section index 28)

`?L83` in section 'farcode'  placed at address 044035-04403b of size 000007
(obj/main.o unit 0 section index 4)
    References:
        printf in (lib_printf.o (from clib-lc-sd-Foenix.a) unit 18 section index 2)

`?L625` in section 'farcode'  placed at address 04403c-044041 of size 000006
(__vsprintf_float.o (from clib-lc-sd-Foenix.a) unit 20 section index 8)
    References:
        _Dp in (pseudoRegisters.o (from clib-lc-sd-Foenix.a) unit 6 section index 2)

__lib_noflush in section 'farcode'
 placed at address 044042-044045 of size 000004
(lib_libnoflush.o (from clib-lc-sd-Foenix.a) unit 31 section index 2)
    Defines:
        __lib_noflush = 044042
    Referenced from:
        __lib_stdoutstream (lib_stdoutstream.o (from clib-lc-sd-Foenix.a) unit 30 section index 4)

_Stub_close in section 'farcode'
 placed at address 044046-044049 of size 000004
(stub_close-lc-sd.o (from Foenix-lc-sd.a) unit 47 section index 2)
    Defines:
        _Stub_close = 044046
    Referenced from:
        (streamlist.o (from clib-lc-sd-Foenix.a) unit 45 section index 2)

__low_level_init in section 'farcode'
 placed at address 04404a-04404a of size 000001
(Foenix-startup-lc-sd.o (from Foenix-lc-sd.a) unit 5 section index 7)
    Defines:
        __low_level_init = 04404a
    Referenced from:
        __program_root_section (Foenix-startup-lc-sd.o (from Foenix-lc-sd.a) unit 5 section index 2)

##########################
#                        #
# Memory sizes (decimal) #
#                        #
##########################

Executable       (Text): 18505 bytes
Data                   :   316 bytes
Non-initialized        :  4116 bytes
