###############################################################################
#                                                                             #
# Calypsi ISO C compiler for 65816                              version 3.6.6 #
#                                                       17/Aug/2022  23:18:58 #
# Command line: --core=65816 --code-model=large --data-model=small            #
#               --target=Foenix -I ./include --speed -O2 --debug              #
#               --list-file=obj/main.lst -o obj/main.o src/main.c             #
#                                                                             #
###############################################################################

    \ 000000                      .rtmodel version,"1"
    \ 000000                      .rtmodel codeModel,"large"
    \ 000000                      .rtmodel dataModel,"small"
    \ 000000                      .rtmodel core,"65816"
    \ 000000                      .rtmodel huge,"0"
    \ 000000                      .rtmodel doubleSize,"32"
    \ 000000                      .rtmodel target,"foenix"
    \ 000000                      .extern _Dp
    \ 000000                      .extern _Vfp
    \ 000000                      .extern addTrack
    \ 000000                      .extern cleanTracks
    \ 000000                      .extern free
    \ 000000                      .extern malloc
    \ 000000                      .extern playSongSID
    \ 000000                      .extern printf
    \ 000000                      .extern resetSID
    \ 000000                      .extern strcpy
0001                  // ----------------------------------------------------
0002                  // Demo Code for Simple Music Library
0003                  // 
0004                  // By Ernesto Contreras
0005                  // Aug 2022
0006                  // ----------------------------------------------------
0007
0008                  #include <stdio.h>
0009                  #include <stdlib.h>
0010                  #include <string.h>
0011                  #include "playsong.h"
0012
0013                  int main ()
0014                  {
    \ 000000                      .section farcode,text
    \ 000000                      .public main
    \ 000000 3b       main:       tsc
    \ 000001 38                   sec
    \ 000002 e90803               sbc     ##776
    \ 000005 1b                   tcs
0015                  // variable to track usedRows for the song
0016                  int usedRows;
0017                  // strings variables for storing song in Music string format
0018                  char trk1[256], trk2[256], trk3[256];			
0019
0020                  // Define Tracker Memory
0021                  int tracks=3;  		// # of tracks in music score (maximum 3 for SID) 
    \ 000006 a90300               lda     ##3
    \ 000009 8301                 sta     1,s
0022                  int rows=300;  		// rows = # of music bars * 16 
    \ 00000b a92c01               lda     ##300
    \ 00000e 8303                 sta     3,s
0023                  int cols=tracks*3;  // calculate required columns, each track requires 3 columns
    \ 000010 a301                 lda     1,s
    \ 000012 aa                   tax
    \ 000013 a301                 lda     1,s
    \ 000015 0a                   asl     a
    \ 000016 8301                 sta     1,s
    \ 000018 8a                   txa
    \ 000019 18                   clc
    \ 00001a 6301                 adc     1,s
    \ 00001c 8301                 sta     1,s
    \ 00001e 8305                 sta     5,s
0024
0025                  // Malloc seems to have a limit of assigning 4K blocks (in calypso compiler)
0026                  // this limits the max # of cols for a 3 track score to 448 rows 
0027                  // 9 bytes * 448 rows = 4032 bytes
0028                  // If you have a longer song you can divide your score 
0029                  //    into 4K chunks (28 music bar chunks)
0030
0031                  // Array that will hold all encoded tracks in memory
0032                  unsigned char (*Tracker)[cols];		
0033
0034                  // Get enough memory to save all song data 
0035                  	Tracker = malloc (sizeof (unsigned char[rows][cols]));
    \ 000020 a303                 lda     3,s
    \ 000022 08                   php
    \ 000023 78                   sei
    \ 000024 8d0201               sta     258
    \ 000027 a306                 lda     6,s
    \ 000029 8d0001               sta     256
    \ 00002c ad0401               lda     260
    \ 00002f 28                   plp
    \ 000030 22......             jsl     long:malloc
    \ 000034 8307                 sta     7,s
0036
0037                  // clean memory in array before adding the music data
0038                  	cleanTracks(rows,cols,Tracker);
    \ 000036 a307                 lda     7,s
    \ 000038 85..                 sta     dp:.tiny (_Dp+2)
    \ 00003a a305                 lda     5,s
    \ 00003c 85..                 sta     dp:.tiny _Dp
    \ 00003e a303                 lda     3,s
    \ 000040 22......             jsl     long:cleanTracks
0039                  					
0040                  // Add music data
0041                  	strcpy (trk1,"I1VfRwRhRB5qAtGtFtEtRhRwRwRhRqB5AtGtFtEtRhEwG5EEEAFFFAFAFBGBGRwRhRB5AtGtFtEtRFGhG6");
    \ 000044 a2....               ldx     ##_StringLiteral_I1VfRwRhRB5qAtGtFtEtRhRwRwRhRqB5AtGtFtEtRhEwG5EEEAFFFAFAFBGBGRwRhRB5AtGtFtEtRFGhG6
    \ 000047 86..                 stx     dp:.tiny _Dp
    \ 000049 3b                   tsc
    \ 00004a 18                   clc
    \ 00004b 690900               adc     ##9
    \ 00004e 22......             jsl     long:strcpy
0042                  	strcpy (trk2,"I1D4B3BBD4B3BRRhD4CB3C4D4hD4B3BBD4B3BRRhD4qD#4RwRB3BBRD4D4D4F#3D4F#3D4G3BGBD4B3BBD4B3BRRhD4RRhG3");
    \ 000052 a2....               ldx     ##`_StringLiteral_I1D4B3BBD4B3BRRhD4CB3C4D4hD4B3BBD4B3BRRhD4qD#4RwRB3BBRD4D4D4F#3D4F#3D4G3BGBD4B3BBD4B3BRRhD4RRhG3`
    \ 000055 86..                 stx     dp:.tiny _Dp
    \ 000057 3b                   tsc
    \ 000058 18                   clc
    \ 000059 690901               adc     ##265
    \ 00005c 22......             jsl     long:strcpy
0043                  	strcpy (trk3,"I1RG3GGRGGRRwRwRGGGRGGRRwRwRGGGRF#F#F#RwRwRGGGRGGRRwRh.");
    \ 000060 a2....               ldx     ##`_StringLiteral_I1RG3GGRGGRRwRwRGGGRGGRRwRwRGGGRF#F#F#RwRwRGGGRGGRRwRh.`
    \ 000063 86..                 stx     dp:.tiny _Dp
    \ 000065 3b                   tsc
    \ 000066 18                   clc
    \ 000067 690902               adc     ##521
    \ 00006a 22......             jsl     long:strcpy
0044                  // Show music encoded strings											
0045                  	printf ("\r\rTrack1: %s\r\rTrack2: %s\r\rTrack3: %s\r",trk1,trk2,trk3);
    \ 00006e 3b                   tsc
    \ 00006f 18                   clc
    \ 000070 690902               adc     ##521
    \ 000073 48                   pha
    \ 000074 3b                   tsc
    \ 000075 18                   clc
    \ 000076 690b01               adc     ##267
    \ 000079 48                   pha
    \ 00007a 3b                   tsc
    \ 00007b 18                   clc
    \ 00007c 690d00               adc     ##13
    \ 00007f 48                   pha
    \ 000080 a9....               lda     ##`_StringLiteral_[13,13,84,114,97,99,107,49,58,32,37,115,13,13,84,114,97,99,107,50,58,32,37,115,13,13,84,114,97,99,107,51,58,32,37,115,13]`
    \ 000083 22......             jsl     long:printf
    \ 000087 8307                 sta     7,s
0046                  // Play Tune w/piano
0047                  	printf("\rPlaying with Piano\r");	
    \ 000089 a9....               lda     ##`_StringLiteral_[13,80,108,97,121,105,110,103,32,119,105,116,104,32,80,105,97,110,111,13]`
    \ 00008c 22......             jsl     long:printf
0048                  	usedRows = addTrack (trk1,1,rows,cols,Tracker); 	// Add simple tune in Track 1
    \ 000090 a30d                 lda     13,s
    \ 000092 48                   pha
    \ 000093 a30d                 lda     13,s
    \ 000095 48                   pha
    \ 000096 a30d                 lda     13,s
    \ 000098 85..                 sta     dp:.tiny (_Dp+2)
    \ 00009a a20100               ldx     ##1
    \ 00009d 86..                 stx     dp:.tiny _Dp
    \ 00009f 3b                   tsc
    \ 0000a0 22......             jsl     long:`?L89`
    \ 0000a4 830b                 sta     11,s
0049                  	usedRows = addTrack (trk2,2,rows,cols,Tracker); 	// Add simple tune in Track 1
    \ 0000a6 a311                 lda     17,s
    \ 0000a8 48                   pha
    \ 0000a9 a311                 lda     17,s
    \ 0000ab 48                   pha
    \ 0000ac a311                 lda     17,s
    \ 0000ae 85..                 sta     dp:.tiny (_Dp+2)
    \ 0000b0 a20200               ldx     ##2
    \ 0000b3 86..                 stx     dp:.tiny _Dp
    \ 0000b5 3b                   tsc
    \ 0000b6 22......             jsl     long:`?L91`
    \ 0000ba 830f                 sta     15,s
0050                  	usedRows = addTrack (trk3,3,rows,cols,Tracker); 	// Add simple tune in Track 1
    \ 0000bc a315                 lda     21,s
    \ 0000be 48                   pha
    \ 0000bf a315                 lda     21,s
    \ 0000c1 48                   pha
    \ 0000c2 a315                 lda     21,s
    \ 0000c4 85..                 sta     dp:.tiny (_Dp+2)
    \ 0000c6 a20300               ldx     ##3
    \ 0000c9 86..                 stx     dp:.tiny _Dp
    \ 0000cb 3b                   tsc
    \ 0000cc 22......             jsl     long:`?L93`
    \ 0000d0 8313                 sta     19,s
    \ 0000d2 3b                   tsc
    \ 0000d3 18                   clc
    \ 0000d4 691200               adc     ##18
    \ 0000d7 1b                   tcs
    \ 0000d8 a301                 lda     1,s
0051                  	resetSID(); 	
    \ 0000da 22......             jsl     long:resetSID
0052                  	playSongSID(usedRows,cols,Tracker,140);				// Play the song stored in Tracks @ Tempo 140
    \ 0000de f48c00               pea     ##140
    \ 0000e1 a309                 lda     9,s
    \ 0000e3 85..                 sta     dp:.tiny (_Dp+2)
    \ 0000e5 a307                 lda     7,s
    \ 0000e7 85..                 sta     dp:.tiny _Dp
    \ 0000e9 a303                 lda     3,s
    \ 0000eb 22......             jsl     long:playSongSID
0053                  // Play Tune w/Accordion
0054                  	printf("\rPlaying with Accordion\r");	
    \ 0000ef a9....               lda     ##`_StringLiteral_[13,80,108,97,121,105,110,103,32,119,105,116,104,32,65,99,99,111,114,100,105,111,110,13]`
    \ 0000f2 22......             jsl     long:`?L83`
0055                  	trk1[1]='2';
    \ 0000f6 a932                 lda     #50
    \ 0000f8 830c                 sta     12,s
    \ 0000fa c220                 rep     #32
0056                  	trk2[1]='2';
    \ 0000fc 3b                   tsc
    \ 0000fd 18                   clc
    \ 0000fe 690c01               adc     ##268
    \ 000101 aa                   tax
    \ 000102 e220                 sep     #32
    \ 000104 a932                 lda     #50
    \ 000106 9d0000               sta     0,x
    \ 000109 c220                 rep     #32
0057                  	trk3[1]='2';
    \ 00010b 3b                   tsc
    \ 00010c 18                   clc
    \ 00010d 690c02               adc     ##524
    \ 000110 aa                   tax
    \ 000111 e220                 sep     #32
    \ 000113 a932                 lda     #50
0058                  	cleanTracks(rows,cols,Tracker); // Clean memory before rendering the music data
    \ 000115 22......             jsl     long:`?L82`
0059                  	usedRows = addTrack (trk1,1,rows,cols,Tracker); 	// Add simple tune in Track 1
    \ 000119 a309                 lda     9,s
    \ 00011b 48                   pha
    \ 00011c a309                 lda     9,s
    \ 00011e 48                   pha
    \ 00011f a309                 lda     9,s
    \ 000121 85..                 sta     dp:.tiny (_Dp+2)
    \ 000123 a20100               ldx     ##1
    \ 000126 86..                 stx     dp:.tiny _Dp
    \ 000128 3b                   tsc
    \ 000129 22......             jsl     long:`?L88`
    \ 00012d 8307                 sta     7,s
0060                  	usedRows = addTrack (trk2,2,rows,cols,Tracker); 	// Add simple tune in Track 1
    \ 00012f a30d                 lda     13,s
    \ 000131 48                   pha
    \ 000132 a30d                 lda     13,s
    \ 000134 48                   pha
    \ 000135 a30d                 lda     13,s
    \ 000137 85..                 sta     dp:.tiny (_Dp+2)
    \ 000139 a20200               ldx     ##2
    \ 00013c 86..                 stx     dp:.tiny _Dp
    \ 00013e 3b                   tsc
    \ 00013f 22......             jsl     long:`?L90`
    \ 000143 830b                 sta     11,s
0061                  	usedRows = addTrack (trk3,3,rows,cols,Tracker); 	// Add simple tune in Track 1
    \ 000145 a311                 lda     17,s
    \ 000147 48                   pha
    \ 000148 a311                 lda     17,s
    \ 00014a 48                   pha
    \ 00014b a311                 lda     17,s
    \ 00014d 85..                 sta     dp:.tiny (_Dp+2)
    \ 00014f a20300               ldx     ##3
    \ 000152 86..                 stx     dp:.tiny _Dp
    \ 000154 3b                   tsc
    \ 000155 22......             jsl     long:`?L92`
    \ 000159 830f                 sta     15,s
    \ 00015b a30f                 lda     15,s
0062                  	resetSID(); 	
    \ 00015d 22......             jsl     long:resetSID
0063                  	playSongSID(usedRows,cols,Tracker,140);				// Play the song stored in Tracks @ Tempo 140
    \ 000161 f48c00               pea     ##140
    \ 000164 a317                 lda     23,s
    \ 000166 85..                 sta     dp:.tiny (_Dp+2)
    \ 000168 a315                 lda     21,s
    \ 00016a 85..                 sta     dp:.tiny _Dp
    \ 00016c a311                 lda     17,s
    \ 00016e 22......             jsl     long:playSongSID
0064                  // Play Tune w/Distorted Synth	
0065
0066                  	printf("\rPlaying with Distorted Synth\r");	
    \ 000172 a9....               lda     ##`_StringLiteral_[13,80,108,97,121,105,110,103,32,119,105,116,104,32,68,105,115,116,111,114,116,101,100,32,83,121,110,116,104,13]`
    \ 000175 22......             jsl     long:`?L83`
0067                  	trk1[1]='3';
    \ 000179 a933                 lda     #51
    \ 00017b 831a                 sta     26,s
    \ 00017d c220                 rep     #32
0068                  	trk2[1]='3';
    \ 00017f 3b                   tsc
    \ 000180 18                   clc
    \ 000181 691a01               adc     ##282
    \ 000184 aa                   tax
    \ 000185 e220                 sep     #32
    \ 000187 a933                 lda     #51
    \ 000189 9d0000               sta     0,x
    \ 00018c c220                 rep     #32
0069                  	trk3[1]='3';
    \ 00018e 3b                   tsc
    \ 00018f 18                   clc
    \ 000190 691a02               adc     ##538
    \ 000193 aa                   tax
    \ 000194 e220                 sep     #32
    \ 000196 a933                 lda     #51
0070                  	cleanTracks(rows,cols,Tracker); // Clean memory before rendering the music data
    \ 000198 22......             jsl     long:`?L87`
0071                  	usedRows = addTrack (trk1,1,rows,cols,Tracker); 	// Add simple tune in Track 1
    \ 00019c a317                 lda     23,s
    \ 00019e 48                   pha
    \ 00019f a317                 lda     23,s
    \ 0001a1 48                   pha
    \ 0001a2 a317                 lda     23,s
    \ 0001a4 85..                 sta     dp:.tiny (_Dp+2)
    \ 0001a6 a20100               ldx     ##1
    \ 0001a9 86..                 stx     dp:.tiny _Dp
    \ 0001ab 3b                   tsc
    \ 0001ac 18                   clc
    \ 0001ad 691d00               adc     ##29
    \ 0001b0 22......             jsl     long:addTrack
    \ 0001b4 8315                 sta     21,s
    \ 0001b6 3b                   tsc
    \ 0001b7 18                   clc
    \ 0001b8 691400               adc     ##20
    \ 0001bb 1b                   tcs
0072                  	usedRows = addTrack (trk2,2,rows,cols,Tracker); 	// Add simple tune in Track 1
    \ 0001bc a307                 lda     7,s
    \ 0001be 48                   pha
    \ 0001bf a307                 lda     7,s
    \ 0001c1 48                   pha
    \ 0001c2 a307                 lda     7,s
    \ 0001c4 85..                 sta     dp:.tiny (_Dp+2)
    \ 0001c6 a20200               ldx     ##2
    \ 0001c9 86..                 stx     dp:.tiny _Dp
    \ 0001cb 3b                   tsc
    \ 0001cc 18                   clc
    \ 0001cd 690d01               adc     ##269
    \ 0001d0 22......             jsl     long:addTrack
    \ 0001d4 8305                 sta     5,s
0073                  	usedRows = addTrack (trk3,3,rows,cols,Tracker); 	// Add simple tune in Track 1
    \ 0001d6 a30b                 lda     11,s
    \ 0001d8 48                   pha
    \ 0001d9 a30b                 lda     11,s
    \ 0001db 48                   pha
    \ 0001dc a30b                 lda     11,s
    \ 0001de 85..                 sta     dp:.tiny (_Dp+2)
    \ 0001e0 a20300               ldx     ##3
    \ 0001e3 86..                 stx     dp:.tiny _Dp
    \ 0001e5 3b                   tsc
    \ 0001e6 18                   clc
    \ 0001e7 691102               adc     ##529
    \ 0001ea 22......             jsl     long:addTrack
    \ 0001ee 8309                 sta     9,s
    \ 0001f0 a309                 lda     9,s
0074                  	resetSID(); 	
    \ 0001f2 22......             jsl     long:resetSID
0075                  	playSongSID(usedRows,cols,Tracker,140);				// Play the song stored in Tracks @ Tempo 140
    \ 0001f6 f48c00               pea     ##140
    \ 0001f9 a311                 lda     17,s
    \ 0001fb 85..                 sta     dp:.tiny (_Dp+2)
    \ 0001fd a30f                 lda     15,s
    \ 0001ff 85..                 sta     dp:.tiny _Dp
    \ 000201 a30b                 lda     11,s
    \ 000203 22......             jsl     long:playSongSID
0076
0077                  // Play Tune w/Gun Shots
0078                  	printf("\rPlaying with Gun Shots!\r");	
    \ 000207 a9....               lda     ##`_StringLiteral_[13,80,108,97,121,105,110,103,32,119,105,116,104,32,71,117,110,32,83,104,111,116,115,33,13]`
    \ 00020a 22......             jsl     long:`?L83`
0079                  	trk1[1]='4';
    \ 00020e a934                 lda     #52
    \ 000210 8314                 sta     20,s
    \ 000212 c220                 rep     #32
0080                  	trk2[1]='4';
    \ 000214 3b                   tsc
    \ 000215 18                   clc
    \ 000216 691401               adc     ##276
    \ 000219 aa                   tax
    \ 00021a e220                 sep     #32
    \ 00021c a934                 lda     #52
    \ 00021e 9d0000               sta     0,x
    \ 000221 c220                 rep     #32
0081                  	trk3[1]='4';
    \ 000223 3b                   tsc
    \ 000224 18                   clc
    \ 000225 691402               adc     ##532
    \ 000228 aa                   tax
    \ 000229 e220                 sep     #32
    \ 00022b a934                 lda     #52
0082                  	cleanTracks(rows,cols,Tracker); // Clean memory before rendering the music data
    \ 00022d 22......             jsl     long:`?L86`
0083                  	usedRows = addTrack (trk1,1,rows,cols,Tracker); 	// Add simple tune in Track 1
    \ 000231 a311                 lda     17,s
    \ 000233 48                   pha
    \ 000234 a311                 lda     17,s
    \ 000236 48                   pha
    \ 000237 a311                 lda     17,s
    \ 000239 85..                 sta     dp:.tiny (_Dp+2)
    \ 00023b a20100               ldx     ##1
    \ 00023e 86..                 stx     dp:.tiny _Dp
    \ 000240 3b                   tsc
    \ 000241 18                   clc
    \ 000242 691700               adc     ##23
    \ 000245 22......             jsl     long:addTrack
    \ 000249 830f                 sta     15,s
0084                  	usedRows = addTrack (trk2,2,rows,cols,Tracker); 	// Add simple tune in Track 1
    \ 00024b a315                 lda     21,s
    \ 00024d 48                   pha
    \ 00024e a315                 lda     21,s
    \ 000250 48                   pha
    \ 000251 a315                 lda     21,s
    \ 000253 85..                 sta     dp:.tiny (_Dp+2)
    \ 000255 a20200               ldx     ##2
    \ 000258 86..                 stx     dp:.tiny _Dp
    \ 00025a 3b                   tsc
    \ 00025b 18                   clc
    \ 00025c 691b01               adc     ##283
    \ 00025f 22......             jsl     long:addTrack
    \ 000263 8313                 sta     19,s
    \ 000265 3b                   tsc
    \ 000266 18                   clc
    \ 000267 691200               adc     ##18
    \ 00026a 1b                   tcs
0085                  	usedRows = addTrack (trk3,3,rows,cols,Tracker); 	// Add simple tune in Track 1
    \ 00026b a307                 lda     7,s
    \ 00026d 48                   pha
    \ 00026e a307                 lda     7,s
    \ 000270 48                   pha
    \ 000271 a307                 lda     7,s
    \ 000273 85..                 sta     dp:.tiny (_Dp+2)
    \ 000275 a20300               ldx     ##3
    \ 000278 86..                 stx     dp:.tiny _Dp
    \ 00027a 3b                   tsc
    \ 00027b 18                   clc
    \ 00027c 690d02               adc     ##525
    \ 00027f 22......             jsl     long:addTrack
    \ 000283 8305                 sta     5,s
    \ 000285 a305                 lda     5,s
0086                  	resetSID(); 	
    \ 000287 22......             jsl     long:resetSID
0087                  	playSongSID(usedRows,cols,Tracker,140);				// Play the song stored in Tracks @ Tempo 140
    \ 00028b f48c00               pea     ##140
    \ 00028e a30d                 lda     13,s
    \ 000290 85..                 sta     dp:.tiny (_Dp+2)
    \ 000292 a30b                 lda     11,s
    \ 000294 85..                 sta     dp:.tiny _Dp
    \ 000296 a307                 lda     7,s
    \ 000298 22......             jsl     long:playSongSID
0088                  // Play Tune w/Flute
0089                  	printf("\rPlaying with Flute\r");	
    \ 00029c a9....               lda     ##`_StringLiteral_[13,80,108,97,121,105,110,103,32,119,105,116,104,32,70,108,117,116,101,13]`
    \ 00029f 22......             jsl     long:`?L83`
0090                  	trk1[1]='5';
    \ 0002a3 a935                 lda     #53
    \ 0002a5 8310                 sta     16,s
    \ 0002a7 c220                 rep     #32
0091                  	trk2[1]='5';
    \ 0002a9 3b                   tsc
    \ 0002aa 18                   clc
    \ 0002ab 691001               adc     ##272
    \ 0002ae aa                   tax
    \ 0002af e220                 sep     #32
    \ 0002b1 a935                 lda     #53
    \ 0002b3 9d0000               sta     0,x
    \ 0002b6 c220                 rep     #32
0092                  	trk3[1]='5';
    \ 0002b8 3b                   tsc
    \ 0002b9 18                   clc
    \ 0002ba 691002               adc     ##528
    \ 0002bd aa                   tax
    \ 0002be e220                 sep     #32
    \ 0002c0 a935                 lda     #53
0093                  	cleanTracks(rows,cols,Tracker); // Clean memory before rendering the music data
    \ 0002c2 22......             jsl     long:`?L85`
0094                  	usedRows = addTrack (trk1,1,rows,cols,Tracker); 	// Add simple tune in Track 1
    \ 0002c6 a30d                 lda     13,s
    \ 0002c8 48                   pha
    \ 0002c9 a30d                 lda     13,s
    \ 0002cb 48                   pha
    \ 0002cc a30d                 lda     13,s
    \ 0002ce 85..                 sta     dp:.tiny (_Dp+2)
    \ 0002d0 a20100               ldx     ##1
    \ 0002d3 86..                 stx     dp:.tiny _Dp
    \ 0002d5 3b                   tsc
    \ 0002d6 22......             jsl     long:`?L89`
    \ 0002da 830b                 sta     11,s
0095                  	usedRows = addTrack (trk2,2,rows,cols,Tracker); 	// Add simple tune in Track 1
    \ 0002dc a311                 lda     17,s
    \ 0002de 48                   pha
    \ 0002df a311                 lda     17,s
    \ 0002e1 48                   pha
    \ 0002e2 a311                 lda     17,s
    \ 0002e4 85..                 sta     dp:.tiny (_Dp+2)
    \ 0002e6 a20200               ldx     ##2
    \ 0002e9 86..                 stx     dp:.tiny _Dp
    \ 0002eb 3b                   tsc
    \ 0002ec 22......             jsl     long:`?L91`
    \ 0002f0 830f                 sta     15,s
0096                  	usedRows = addTrack (trk3,3,rows,cols,Tracker); 	// Add simple tune in Track 1
    \ 0002f2 a315                 lda     21,s
    \ 0002f4 48                   pha
    \ 0002f5 a315                 lda     21,s
    \ 0002f7 48                   pha
    \ 0002f8 a315                 lda     21,s
    \ 0002fa 85..                 sta     dp:.tiny (_Dp+2)
    \ 0002fc a20300               ldx     ##3
    \ 0002ff 86..                 stx     dp:.tiny _Dp
    \ 000301 3b                   tsc
    \ 000302 22......             jsl     long:`?L93`
    \ 000306 8313                 sta     19,s
    \ 000308 3b                   tsc
    \ 000309 18                   clc
    \ 00030a 691200               adc     ##18
    \ 00030d 1b                   tcs
    \ 00030e a301                 lda     1,s
0097                  	resetSID(); 	
    \ 000310 22......             jsl     long:resetSID
0098                  	playSongSID(usedRows,cols,Tracker,140);				// Play the song stored in Tracks @ Tempo 140
    \ 000314 f48c00               pea     ##140
    \ 000317 a309                 lda     9,s
    \ 000319 85..                 sta     dp:.tiny (_Dp+2)
    \ 00031b a307                 lda     7,s
    \ 00031d 85..                 sta     dp:.tiny _Dp
    \ 00031f a303                 lda     3,s
    \ 000321 22......             jsl     long:playSongSID
0099                  // Play Tune w/Guitar
0100                  	printf("\rPlaying with Guitar\r");	
    \ 000325 a9....               lda     ##`_StringLiteral_[13,80,108,97,121,105,110,103,32,119,105,116,104,32,71,117,105,116,97,114,13]`
    \ 000328 22......             jsl     long:`?L83`
0101                  	trk1[1]='6';
    \ 00032c a936                 lda     #54
    \ 00032e 830c                 sta     12,s
    \ 000330 c220                 rep     #32
0102                  	trk2[1]='6';
    \ 000332 3b                   tsc
    \ 000333 18                   clc
    \ 000334 690c01               adc     ##268
    \ 000337 aa                   tax
    \ 000338 e220                 sep     #32
    \ 00033a a936                 lda     #54
    \ 00033c 9d0000               sta     0,x
    \ 00033f c220                 rep     #32
0103                  	trk3[1]='6';
    \ 000341 3b                   tsc
    \ 000342 18                   clc
    \ 000343 690c02               adc     ##524
    \ 000346 aa                   tax
    \ 000347 e220                 sep     #32
    \ 000349 a936                 lda     #54
0104                  	cleanTracks(rows,cols,Tracker); // Clean memory before rendering the music data
    \ 00034b 22......             jsl     long:`?L82`
0105                  	usedRows = addTrack (trk1,1,rows,cols,Tracker); 	// Add simple tune in Track 1
    \ 00034f a309                 lda     9,s
    \ 000351 48                   pha
    \ 000352 a309                 lda     9,s
    \ 000354 48                   pha
    \ 000355 a309                 lda     9,s
    \ 000357 85..                 sta     dp:.tiny (_Dp+2)
    \ 000359 a20100               ldx     ##1
    \ 00035c 86..                 stx     dp:.tiny _Dp
    \ 00035e 3b                   tsc
    \ 00035f 22......             jsl     long:`?L88`
    \ 000363 8307                 sta     7,s
0106                  	usedRows = addTrack (trk2,2,rows,cols,Tracker); 	// Add simple tune in Track 1
    \ 000365 a30d                 lda     13,s
    \ 000367 48                   pha
    \ 000368 a30d                 lda     13,s
    \ 00036a 48                   pha
    \ 00036b a30d                 lda     13,s
    \ 00036d 85..                 sta     dp:.tiny (_Dp+2)
    \ 00036f a20200               ldx     ##2
    \ 000372 86..                 stx     dp:.tiny _Dp
    \ 000374 3b                   tsc
    \ 000375 22......             jsl     long:`?L90`
    \ 000379 830b                 sta     11,s
0107                  	usedRows = addTrack (trk3,3,rows,cols,Tracker); 	// Add simple tune in Track 1
    \ 00037b a311                 lda     17,s
    \ 00037d 48                   pha
    \ 00037e a311                 lda     17,s
    \ 000380 48                   pha
    \ 000381 a311                 lda     17,s
    \ 000383 85..                 sta     dp:.tiny (_Dp+2)
    \ 000385 a20300               ldx     ##3
    \ 000388 86..                 stx     dp:.tiny _Dp
    \ 00038a 3b                   tsc
    \ 00038b 22......             jsl     long:`?L92`
    \ 00038f 830f                 sta     15,s
    \ 000391 a30f                 lda     15,s
0108                  	resetSID(); 	
    \ 000393 22......             jsl     long:resetSID
0109                  	playSongSID(usedRows,cols,Tracker,140);				// Play the song stored in Tracks @ Tempo 140
    \ 000397 f48c00               pea     ##140
    \ 00039a a317                 lda     23,s
    \ 00039c 85..                 sta     dp:.tiny (_Dp+2)
    \ 00039e a315                 lda     21,s
    \ 0003a0 85..                 sta     dp:.tiny _Dp
    \ 0003a2 a311                 lda     17,s
    \ 0003a4 22......             jsl     long:playSongSID
0110                  // Play Tune w/Harpsichord
0111                  	printf("\rPlaying with Harpsichord\r");	
    \ 0003a8 a9....               lda     ##`_StringLiteral_[13,80,108,97,121,105,110,103,32,119,105,116,104,32,72,97,114,112,115,105,99,104,111,114,100,13]`
    \ 0003ab 22......             jsl     long:`?L83`
0112                  	trk1[1]='7';
    \ 0003af a937                 lda     #55
    \ 0003b1 831a                 sta     26,s
    \ 0003b3 c220                 rep     #32
0113                  	trk2[1]='7';
    \ 0003b5 3b                   tsc
    \ 0003b6 18                   clc
    \ 0003b7 691a01               adc     ##282
    \ 0003ba aa                   tax
    \ 0003bb e220                 sep     #32
    \ 0003bd a937                 lda     #55
    \ 0003bf 9d0000               sta     0,x
    \ 0003c2 c220                 rep     #32
0114                  	trk3[1]='7';
    \ 0003c4 3b                   tsc
    \ 0003c5 18                   clc
    \ 0003c6 691a02               adc     ##538
    \ 0003c9 aa                   tax
    \ 0003ca e220                 sep     #32
    \ 0003cc a937                 lda     #55
0115                  	cleanTracks(rows,cols,Tracker); // Clean memory before rendering the music data
    \ 0003ce 22......             jsl     long:`?L87`
0116                  	usedRows = addTrack (trk1,1,rows,cols,Tracker); 	// Add simple tune in Track 1
    \ 0003d2 a317                 lda     23,s
    \ 0003d4 48                   pha
    \ 0003d5 a317                 lda     23,s
    \ 0003d7 48                   pha
    \ 0003d8 a317                 lda     23,s
    \ 0003da 85..                 sta     dp:.tiny (_Dp+2)
    \ 0003dc a20100               ldx     ##1
    \ 0003df 86..                 stx     dp:.tiny _Dp
    \ 0003e1 3b                   tsc
    \ 0003e2 18                   clc
    \ 0003e3 691d00               adc     ##29
    \ 0003e6 22......             jsl     long:addTrack
    \ 0003ea 8315                 sta     21,s
    \ 0003ec 3b                   tsc
    \ 0003ed 18                   clc
    \ 0003ee 691400               adc     ##20
    \ 0003f1 1b                   tcs
0117                  	usedRows = addTrack (trk2,2,rows,cols,Tracker); 	// Add simple tune in Track 1
    \ 0003f2 a307                 lda     7,s
    \ 0003f4 48                   pha
    \ 0003f5 a307                 lda     7,s
    \ 0003f7 48                   pha
    \ 0003f8 a307                 lda     7,s
    \ 0003fa 85..                 sta     dp:.tiny (_Dp+2)
    \ 0003fc a20200               ldx     ##2
    \ 0003ff 86..                 stx     dp:.tiny _Dp
    \ 000401 3b                   tsc
    \ 000402 18                   clc
    \ 000403 690d01               adc     ##269
    \ 000406 22......             jsl     long:addTrack
    \ 00040a 8305                 sta     5,s
0118                  	usedRows = addTrack (trk3,3,rows,cols,Tracker); 	// Add simple tune in Track 1
    \ 00040c a30b                 lda     11,s
    \ 00040e 48                   pha
    \ 00040f a30b                 lda     11,s
    \ 000411 48                   pha
    \ 000412 a30b                 lda     11,s
    \ 000414 85..                 sta     dp:.tiny (_Dp+2)
    \ 000416 a20300               ldx     ##3
    \ 000419 86..                 stx     dp:.tiny _Dp
    \ 00041b 3b                   tsc
    \ 00041c 18                   clc
    \ 00041d 691102               adc     ##529
    \ 000420 22......             jsl     long:addTrack
    \ 000424 8309                 sta     9,s
    \ 000426 a309                 lda     9,s
0119                  	resetSID(); 	
    \ 000428 22......             jsl     long:resetSID
0120                  	playSongSID(usedRows,cols,Tracker,140);				// Play the song stored in Tracks @ Tempo 140
    \ 00042c f48c00               pea     ##140
    \ 00042f a311                 lda     17,s
    \ 000431 85..                 sta     dp:.tiny (_Dp+2)
    \ 000433 a30f                 lda     15,s
    \ 000435 85..                 sta     dp:.tiny _Dp
    \ 000437 a30b                 lda     11,s
    \ 000439 22......             jsl     long:playSongSID
0121                  // Play Tune w/Organ
0122                  	printf("\rPlaying with Organ\r");	
    \ 00043d a9....               lda     ##`_StringLiteral_[13,80,108,97,121,105,110,103,32,119,105,116,104,32,79,114,103,97,110,13]`
    \ 000440 22......             jsl     long:`?L83`
0123                  	trk1[1]='8';
    \ 000444 a938                 lda     #56
    \ 000446 8314                 sta     20,s
    \ 000448 c220                 rep     #32
0124                  	trk2[1]='8';
    \ 00044a 3b                   tsc
    \ 00044b 18                   clc
    \ 00044c 691401               adc     ##276
    \ 00044f aa                   tax
    \ 000450 e220                 sep     #32
    \ 000452 a938                 lda     #56
    \ 000454 9d0000               sta     0,x
    \ 000457 c220                 rep     #32
0125                  	trk3[1]='8';
    \ 000459 3b                   tsc
    \ 00045a 18                   clc
    \ 00045b 691402               adc     ##532
    \ 00045e aa                   tax
    \ 00045f e220                 sep     #32
    \ 000461 a938                 lda     #56
0126                  	cleanTracks(rows,cols,Tracker); // Clean memory before rendering the music data
    \ 000463 22......             jsl     long:`?L86`
0127                  	usedRows = addTrack (trk1,1,rows,cols,Tracker); 	// Add simple tune in Track 1
    \ 000467 a311                 lda     17,s
    \ 000469 48                   pha
    \ 00046a a311                 lda     17,s
    \ 00046c 48                   pha
    \ 00046d a311                 lda     17,s
    \ 00046f 85..                 sta     dp:.tiny (_Dp+2)
    \ 000471 a20100               ldx     ##1
    \ 000474 86..                 stx     dp:.tiny _Dp
    \ 000476 3b                   tsc
    \ 000477 18                   clc
    \ 000478 691700               adc     ##23
    \ 00047b 22......             jsl     long:addTrack
    \ 00047f 830f                 sta     15,s
0128                  	usedRows = addTrack (trk2,2,rows,cols,Tracker); 	// Add simple tune in Track 1
    \ 000481 a315                 lda     21,s
    \ 000483 48                   pha
    \ 000484 a315                 lda     21,s
    \ 000486 48                   pha
    \ 000487 a315                 lda     21,s
    \ 000489 85..                 sta     dp:.tiny (_Dp+2)
    \ 00048b a20200               ldx     ##2
    \ 00048e 86..                 stx     dp:.tiny _Dp
    \ 000490 3b                   tsc
    \ 000491 18                   clc
    \ 000492 691b01               adc     ##283
    \ 000495 22......             jsl     long:addTrack
    \ 000499 8313                 sta     19,s
    \ 00049b 3b                   tsc
    \ 00049c 18                   clc
    \ 00049d 691200               adc     ##18
    \ 0004a0 1b                   tcs
0129                  	usedRows = addTrack (trk3,3,rows,cols,Tracker); 	// Add simple tune in Track 1
    \ 0004a1 a307                 lda     7,s
    \ 0004a3 48                   pha
    \ 0004a4 a307                 lda     7,s
    \ 0004a6 48                   pha
    \ 0004a7 a307                 lda     7,s
    \ 0004a9 85..                 sta     dp:.tiny (_Dp+2)
    \ 0004ab a20300               ldx     ##3
    \ 0004ae 86..                 stx     dp:.tiny _Dp
    \ 0004b0 3b                   tsc
    \ 0004b1 18                   clc
    \ 0004b2 690d02               adc     ##525
    \ 0004b5 22......             jsl     long:addTrack
    \ 0004b9 8305                 sta     5,s
    \ 0004bb a305                 lda     5,s
0130                  	resetSID(); 	
    \ 0004bd 22......             jsl     long:resetSID
0131                  	playSongSID(usedRows,cols,Tracker,140);				// Play the song stored in Tracks @ Tempo 140
    \ 0004c1 f48c00               pea     ##140
    \ 0004c4 a30d                 lda     13,s
    \ 0004c6 85..                 sta     dp:.tiny (_Dp+2)
    \ 0004c8 a30b                 lda     11,s
    \ 0004ca 85..                 sta     dp:.tiny _Dp
    \ 0004cc a307                 lda     7,s
    \ 0004ce 22......             jsl     long:playSongSID
0132                  // Play Tune w/Oboe
0133                  	printf("\rPlaying with Oboe\r");	
    \ 0004d2 a9....               lda     ##`_StringLiteral_[13,80,108,97,121,105,110,103,32,119,105,116,104,32,79,98,111,101,13]`
    \ 0004d5 22......             jsl     long:`?L83`
0134                  	trk1[1]='9';
    \ 0004d9 a939                 lda     #57
    \ 0004db 8310                 sta     16,s
    \ 0004dd c220                 rep     #32
0135                  	trk2[1]='9';
    \ 0004df 3b                   tsc
    \ 0004e0 18                   clc
    \ 0004e1 691001               adc     ##272
    \ 0004e4 aa                   tax
    \ 0004e5 e220                 sep     #32
    \ 0004e7 a939                 lda     #57
    \ 0004e9 9d0000               sta     0,x
    \ 0004ec c220                 rep     #32
0136                  	trk3[1]='9';
    \ 0004ee 3b                   tsc
    \ 0004ef 18                   clc
    \ 0004f0 691002               adc     ##528
    \ 0004f3 aa                   tax
    \ 0004f4 e220                 sep     #32
    \ 0004f6 a939                 lda     #57
0137                  	cleanTracks(rows,cols,Tracker); // Clean memory before rendering the music data
    \ 0004f8 22......             jsl     long:`?L85`
0138                  	usedRows = addTrack (trk1,1,rows,cols,Tracker); 	// Add simple tune in Track 1
    \ 0004fc a30d                 lda     13,s
    \ 0004fe 48                   pha
    \ 0004ff a30d                 lda     13,s
    \ 000501 48                   pha
    \ 000502 a30d                 lda     13,s
    \ 000504 85..                 sta     dp:.tiny (_Dp+2)
    \ 000506 a20100               ldx     ##1
    \ 000509 86..                 stx     dp:.tiny _Dp
    \ 00050b 3b                   tsc
    \ 00050c 22......             jsl     long:`?L89`
    \ 000510 830b                 sta     11,s
0139                  	usedRows = addTrack (trk2,2,rows,cols,Tracker); 	// Add simple tune in Track 1
    \ 000512 a311                 lda     17,s
    \ 000514 48                   pha
    \ 000515 a311                 lda     17,s
    \ 000517 48                   pha
    \ 000518 a311                 lda     17,s
    \ 00051a 85..                 sta     dp:.tiny (_Dp+2)
    \ 00051c a20200               ldx     ##2
    \ 00051f 86..                 stx     dp:.tiny _Dp
    \ 000521 3b                   tsc
    \ 000522 22......             jsl     long:`?L91`
    \ 000526 830f                 sta     15,s
0140                  	usedRows = addTrack (trk3,3,rows,cols,Tracker); 	// Add simple tune in Track 1
    \ 000528 a315                 lda     21,s
    \ 00052a 48                   pha
    \ 00052b a315                 lda     21,s
    \ 00052d 48                   pha
    \ 00052e a315                 lda     21,s
    \ 000530 85..                 sta     dp:.tiny (_Dp+2)
    \ 000532 a20300               ldx     ##3
    \ 000535 86..                 stx     dp:.tiny _Dp
    \ 000537 3b                   tsc
    \ 000538 22......             jsl     long:`?L93`
    \ 00053c 8313                 sta     19,s
    \ 00053e 3b                   tsc
    \ 00053f 18                   clc
    \ 000540 691200               adc     ##18
    \ 000543 1b                   tcs
    \ 000544 a301                 lda     1,s
0141                  	resetSID(); 	
    \ 000546 22......             jsl     long:resetSID
0142                  	playSongSID(usedRows,cols,Tracker,140);				// Play the song stored in Tracks @ Tempo 140
    \ 00054a f48c00               pea     ##140
    \ 00054d a309                 lda     9,s
    \ 00054f 85..                 sta     dp:.tiny (_Dp+2)
    \ 000551 a307                 lda     7,s
    \ 000553 85..                 sta     dp:.tiny _Dp
    \ 000555 a303                 lda     3,s
    \ 000557 22......             jsl     long:playSongSID
0143                  // Play Tune w/Xylophone
0144                  	printf("\rPlaying with Xylophone\r");	
    \ 00055b a9....               lda     ##`_StringLiteral_[13,80,108,97,121,105,110,103,32,119,105,116,104,32,88,121,108,111,112,104,111,110,101,13]`
    \ 00055e 22......             jsl     long:`?L83`
0145                  	trk1[1]='a';
    \ 000562 a961                 lda     #97
    \ 000564 830c                 sta     12,s
    \ 000566 c220                 rep     #32
0146                  	trk2[1]='a';
    \ 000568 3b                   tsc
    \ 000569 18                   clc
    \ 00056a 690c01               adc     ##268
    \ 00056d aa                   tax
    \ 00056e e220                 sep     #32
    \ 000570 a961                 lda     #97
    \ 000572 9d0000               sta     0,x
    \ 000575 c220                 rep     #32
0147                  	trk3[1]='a';
    \ 000577 3b                   tsc
    \ 000578 18                   clc
    \ 000579 690c02               adc     ##524
    \ 00057c aa                   tax
    \ 00057d e220                 sep     #32
    \ 00057f a961                 lda     #97
0148                  	cleanTracks(rows,cols,Tracker); // Clean memory before rendering the music data
    \ 000581 22......             jsl     long:`?L82`
0149                  	usedRows = addTrack (trk1,1,rows,cols,Tracker); 	// Add simple tune in Track 1
    \ 000585 a309                 lda     9,s
    \ 000587 48                   pha
    \ 000588 a309                 lda     9,s
    \ 00058a 48                   pha
    \ 00058b a309                 lda     9,s
    \ 00058d 85..                 sta     dp:.tiny (_Dp+2)
    \ 00058f a20100               ldx     ##1
    \ 000592 86..                 stx     dp:.tiny _Dp
    \ 000594 3b                   tsc
    \ 000595 22......             jsl     long:`?L88`
    \ 000599 8307                 sta     7,s
0150                  	usedRows = addTrack (trk2,2,rows,cols,Tracker); 	// Add simple tune in Track 1
    \ 00059b a30d                 lda     13,s
    \ 00059d 48                   pha
    \ 00059e a30d                 lda     13,s
    \ 0005a0 48                   pha
    \ 0005a1 a30d                 lda     13,s
    \ 0005a3 85..                 sta     dp:.tiny (_Dp+2)
    \ 0005a5 a20200               ldx     ##2
    \ 0005a8 86..                 stx     dp:.tiny _Dp
    \ 0005aa 3b                   tsc
    \ 0005ab 22......             jsl     long:`?L90`
    \ 0005af 830b                 sta     11,s
0151                  	usedRows = addTrack (trk3,3,rows,cols,Tracker); 	// Add simple tune in Track 1
    \ 0005b1 a311                 lda     17,s
    \ 0005b3 48                   pha
    \ 0005b4 a311                 lda     17,s
    \ 0005b6 48                   pha
    \ 0005b7 a311                 lda     17,s
    \ 0005b9 85..                 sta     dp:.tiny (_Dp+2)
    \ 0005bb a20300               ldx     ##3
    \ 0005be 86..                 stx     dp:.tiny _Dp
    \ 0005c0 3b                   tsc
    \ 0005c1 22......             jsl     long:`?L92`
    \ 0005c5 830f                 sta     15,s
    \ 0005c7 a30f                 lda     15,s
0152                  	resetSID(); 	
    \ 0005c9 22......             jsl     long:resetSID
0153                  	playSongSID(usedRows,cols,Tracker,140);				// Play the song stored in Tracks @ Tempo 140
    \ 0005cd f48c00               pea     ##140
    \ 0005d0 a317                 lda     23,s
    \ 0005d2 85..                 sta     dp:.tiny (_Dp+2)
    \ 0005d4 a315                 lda     21,s
    \ 0005d6 85..                 sta     dp:.tiny _Dp
    \ 0005d8 a311                 lda     17,s
    \ 0005da 22......             jsl     long:playSongSID
0154
0155                  // Clean up audio from the SID Chip
0156                  	resetSID(); 										
    \ 0005de 3b                   tsc
    \ 0005df 18                   clc
    \ 0005e0 691000               adc     ##16
    \ 0005e3 1b                   tcs
    \ 0005e4 22......             jsl     long:resetSID
0157                  // Show 'n' rows of Track music as is stored in memory	
0158                  //	showTracks (usedRows,cols,Tracker);						
0159                  // Return Memory requested to malloc	
0160                  	free (Tracker);	
    \ 0005e8 a307                 lda     7,s
    \ 0005ea 22......             jsl     long:free
0161                  // End Program	
0162                  	return (0);
    \ 0005ee a90000               lda     ##0
0163                  }	
    \ 0005f1 a8                   tay
    \ 0005f2 3b                   tsc
    \ 0005f3 18                   clc
    \ 0005f4 690803               adc     ##776
    \ 0005f7 1b                   tcs
    \ 0005f8 98                   tya
    \ 0005f9 6b                   rtl
    \ 000000                      .section farcode,text
    \ 000000 9d0000   `?L82`:     sta     0,x
    \ 000003 c220                 rep     #32
    \ 000005 a30c                 lda     12,s
    \ 000007 85..                 sta     dp:.tiny (_Dp+2)
    \ 000009 a30a                 lda     10,s
    \ 00000b 85..                 sta     dp:.tiny _Dp
    \ 00000d a308                 lda     8,s
    \ 00000f 5c......             jmp     long:cleanTracks
    \ 000000                      .section farcode,text
    \ 000000          `?L83`:
    \ 000000 22......             jsl     long:printf
    \ 000004 e220                 sep     #32
    \ 000006 6b                   rtl
    \ 000000                      .section farcode,text
    \ 000000 9d0000   `?L85`:     sta     0,x
    \ 000003 c220                 rep     #32
    \ 000005 a310                 lda     16,s
    \ 000007 85..                 sta     dp:.tiny (_Dp+2)
    \ 000009 a30e                 lda     14,s
    \ 00000b 85..                 sta     dp:.tiny _Dp
    \ 00000d a30c                 lda     12,s
    \ 00000f 5c......             jmp     long:cleanTracks
    \ 000000                      .section farcode,text
    \ 000000 9d0000   `?L86`:     sta     0,x
    \ 000003 c220                 rep     #32
    \ 000005 a314                 lda     20,s
    \ 000007 85..                 sta     dp:.tiny (_Dp+2)
    \ 000009 a312                 lda     18,s
    \ 00000b 85..                 sta     dp:.tiny _Dp
    \ 00000d a310                 lda     16,s
    \ 00000f 5c......             jmp     long:cleanTracks
    \ 000000                      .section farcode,text
    \ 000000 9d0000   `?L87`:     sta     0,x
    \ 000003 c220                 rep     #32
    \ 000005 a31a                 lda     26,s
    \ 000007 85..                 sta     dp:.tiny (_Dp+2)
    \ 000009 a318                 lda     24,s
    \ 00000b 85..                 sta     dp:.tiny _Dp
    \ 00000d a316                 lda     22,s
    \ 00000f 5c......             jmp     long:cleanTracks
    \ 000000                      .section farcode,text
    \ 000000 18       `?L88`:     clc
    \ 000001 690f00               adc     ##15
    \ 000004 5c......             jmp     long:addTrack
    \ 000000                      .section farcode,text
    \ 000000 18       `?L89`:     clc
    \ 000001 691300               adc     ##19
    \ 000004 5c......             jmp     long:addTrack
    \ 000000                      .section farcode,text
    \ 000000 18       `?L90`:     clc
    \ 000001 691301               adc     ##275
    \ 000004 5c......             jmp     long:addTrack
    \ 000000                      .section farcode,text
    \ 000000 18       `?L91`:     clc
    \ 000001 691701               adc     ##279
    \ 000004 5c......             jmp     long:addTrack
    \ 000000                      .section farcode,text
    \ 000000 18       `?L92`:     clc
    \ 000001 691702               adc     ##535
    \ 000004 5c......             jmp     long:addTrack
    \ 000000                      .section farcode,text
    \ 000000 18       `?L93`:     clc
    \ 000001 691b02               adc     ##539
    \ 000004 5c......             jmp     long:addTrack
    \ 000000                      .section cdata,rodata
    \ 000000                      .pubweak `_StringLiteral_[13,13,84,114,97,99,107,49,58,32,37,115,13,13,84,114,97,99,107,50,58,32,37,115,13,13,84,114,97,99,107,51,58,32,37,115,13]`
    \ 000000          `_StringLiteral_[13,13,84,114,97,99,107,49,58,32,37,115,13,13,84,114,97,99,107,50,58,32,37,115,13,13,84,114,97,99,107,51,58,32,37,115,13]`:
    \ 000000 0d0d5472             .byte   13,13,84,114,97,99,107,49,58,32,37,115,13,13,84,114,97,99,107,50,58,32,37,115,13,13,84,114,97,99,107,51,58,32,37,115,13,0
    \ 000004 61636b31
    \ 000008 3a202573
    \ 00000c 0d0d5472
    \ 000010 61636b32
    \ 000014 3a202573
    \ 000018 0d0d5472
    \ 00001c 61636b33
    \ 000020 3a202573
    \ 000024 0d00
    \ 000000                      .section cdata,rodata
    \ 000000                      .pubweak `_StringLiteral_[13,80,108,97,121,105,110,103,32,119,105,116,104,32,65,99,99,111,114,100,105,111,110,13]`
    \ 000000          `_StringLiteral_[13,80,108,97,121,105,110,103,32,119,105,116,104,32,65,99,99,111,114,100,105,111,110,13]`:
    \ 000000 0d506c61             .byte   13,80,108,97,121,105,110,103,32,119,105,116,104,32,65,99,99,111,114,100,105,111,110,13,0
    \ 000004 79696e67
    \ 000008 20776974
    \ 00000c 68204163
    \ 000010 636f7264
    \ 000014 696f6e0d
    \ 000018 00
    \ 000000                      .section cdata,rodata
    \ 000000                      .pubweak `_StringLiteral_[13,80,108,97,121,105,110,103,32,119,105,116,104,32,68,105,115,116,111,114,116,101,100,32,83,121,110,116,104,13]`
    \ 000000          `_StringLiteral_[13,80,108,97,121,105,110,103,32,119,105,116,104,32,68,105,115,116,111,114,116,101,100,32,83,121,110,116,104,13]`:
    \ 000000 0d506c61             .byte   13,80,108,97,121,105,110,103,32,119,105,116,104,32,68,105,115,116,111,114,116,101,100,32,83,121,110,116,104,13,0
    \ 000004 79696e67
    \ 000008 20776974
    \ 00000c 68204469
    \ 000010 73746f72
    \ 000014 74656420
    \ 000018 53796e74
    \ 00001c 680d00
    \ 000000                      .section cdata,rodata
    \ 000000                      .pubweak `_StringLiteral_[13,80,108,97,121,105,110,103,32,119,105,116,104,32,70,108,117,116,101,13]`
    \ 000000          `_StringLiteral_[13,80,108,97,121,105,110,103,32,119,105,116,104,32,70,108,117,116,101,13]`:
    \ 000000 0d506c61             .byte   13,80,108,97,121,105,110,103,32,119,105,116,104,32,70,108,117,116,101,13,0
    \ 000004 79696e67
    \ 000008 20776974
    \ 00000c 6820466c
    \ 000010 7574650d
    \ 000014 00
    \ 000000                      .section cdata,rodata
    \ 000000                      .pubweak `_StringLiteral_[13,80,108,97,121,105,110,103,32,119,105,116,104,32,71,117,105,116,97,114,13]`
    \ 000000          `_StringLiteral_[13,80,108,97,121,105,110,103,32,119,105,116,104,32,71,117,105,116,97,114,13]`:
    \ 000000 0d506c61             .byte   13,80,108,97,121,105,110,103,32,119,105,116,104,32,71,117,105,116,97,114,13,0
    \ 000004 79696e67
    \ 000008 20776974
    \ 00000c 68204775
    \ 000010 69746172
    \ 000014 0d00
    \ 000000                      .section cdata,rodata
    \ 000000                      .pubweak `_StringLiteral_[13,80,108,97,121,105,110,103,32,119,105,116,104,32,71,117,110,32,83,104,111,116,115,33,13]`
    \ 000000          `_StringLiteral_[13,80,108,97,121,105,110,103,32,119,105,116,104,32,71,117,110,32,83,104,111,116,115,33,13]`:
    \ 000000 0d506c61             .byte   13,80,108,97,121,105,110,103,32,119,105,116,104,32,71,117,110,32,83,104,111,116,115,33,13,0
    \ 000004 79696e67
    \ 000008 20776974
    \ 00000c 68204775
    \ 000010 6e205368
    \ 000014 6f747321
    \ 000018 0d00
    \ 000000                      .section cdata,rodata
    \ 000000                      .pubweak `_StringLiteral_[13,80,108,97,121,105,110,103,32,119,105,116,104,32,72,97,114,112,115,105,99,104,111,114,100,13]`
    \ 000000          `_StringLiteral_[13,80,108,97,121,105,110,103,32,119,105,116,104,32,72,97,114,112,115,105,99,104,111,114,100,13]`:
    \ 000000 0d506c61             .byte   13,80,108,97,121,105,110,103,32,119,105,116,104,32,72,97,114,112,115,105,99,104,111,114,100,13,0
    \ 000004 79696e67
    \ 000008 20776974
    \ 00000c 68204861
    \ 000010 72707369
    \ 000014 63686f72
    \ 000018 640d00
    \ 000000                      .section cdata,rodata
    \ 000000                      .pubweak `_StringLiteral_[13,80,108,97,121,105,110,103,32,119,105,116,104,32,79,98,111,101,13]`
    \ 000000          `_StringLiteral_[13,80,108,97,121,105,110,103,32,119,105,116,104,32,79,98,111,101,13]`:
    \ 000000 0d506c61             .byte   13,80,108,97,121,105,110,103,32,119,105,116,104,32,79,98,111,101,13,0
    \ 000004 79696e67
    \ 000008 20776974
    \ 00000c 68204f62
    \ 000010 6f650d00
    \ 000000                      .section cdata,rodata
    \ 000000                      .pubweak `_StringLiteral_[13,80,108,97,121,105,110,103,32,119,105,116,104,32,79,114,103,97,110,13]`
    \ 000000          `_StringLiteral_[13,80,108,97,121,105,110,103,32,119,105,116,104,32,79,114,103,97,110,13]`:
    \ 000000 0d506c61             .byte   13,80,108,97,121,105,110,103,32,119,105,116,104,32,79,114,103,97,110,13,0
    \ 000004 79696e67
    \ 000008 20776974
    \ 00000c 68204f72
    \ 000010 67616e0d
    \ 000014 00
    \ 000000                      .section cdata,rodata
    \ 000000                      .pubweak `_StringLiteral_[13,80,108,97,121,105,110,103,32,119,105,116,104,32,80,105,97,110,111,13]`
    \ 000000          `_StringLiteral_[13,80,108,97,121,105,110,103,32,119,105,116,104,32,80,105,97,110,111,13]`:
    \ 000000 0d506c61             .byte   13,80,108,97,121,105,110,103,32,119,105,116,104,32,80,105,97,110,111,13,0
    \ 000004 79696e67
    \ 000008 20776974
    \ 00000c 68205069
    \ 000010 616e6f0d
    \ 000014 00
    \ 000000                      .section cdata,rodata
    \ 000000                      .pubweak `_StringLiteral_[13,80,108,97,121,105,110,103,32,119,105,116,104,32,88,121,108,111,112,104,111,110,101,13]`
    \ 000000          `_StringLiteral_[13,80,108,97,121,105,110,103,32,119,105,116,104,32,88,121,108,111,112,104,111,110,101,13]`:
    \ 000000 0d506c61             .byte   13,80,108,97,121,105,110,103,32,119,105,116,104,32,88,121,108,111,112,104,111,110,101,13,0
    \ 000004 79696e67
    \ 000008 20776974
    \ 00000c 68205879
    \ 000010 6c6f7068
    \ 000014 6f6e650d
    \ 000018 00
    \ 000000                      .section cdata,rodata
    \ 000000                      .pubweak `_StringLiteral_I1D4B3BBD4B3BRRhD4CB3C4D4hD4B3BBD4B3BRRhD4qD#4RwRB3BBRD4D4D4F#3D4F#3D4G3BGBD4B3BBD4B3BRRhD4RRhG3`
    \ 000000          `_StringLiteral_I1D4B3BBD4B3BRRhD4CB3C4D4hD4B3BBD4B3BRRhD4qD#4RwRB3BBRD4D4D4F#3D4F#3D4G3BGBD4B3BBD4B3BRRhD4RRhG3`:
    \ 000000 49314434             .byte   73,49,68,52,66,51,66,66,68,52,66,51,66,82,82,104,68,52,67,66,51,67,52,68,52,104,68,52,66,51,66,66,68,52,66,51,66,82,82,104,68,52,113,68,35,52,82,119,82,66,51,66,66,82,68,52,68,52,68,52,70,35,51,68,52,70,35,51,68,52,71,51,66,71,66,68,52,66,51,66,66,68,52,66,51,66,82,82,104,68,52,82,82,104,71,51,0
    \ 000004 42334242
    \ 000008 44344233
    \ 00000c 42525268
    \ 000010 44344342
    \ 000014 33433444
    \ 000018 34684434
    \ 00001c 42334242
    \ 000020 44344233
    \ 000024 42525268
    \ 000028 44347144
    \ 00002c 23345277
    \ 000030 52423342
    \ 000034 42524434
    \ 000038 44344434
    \ 00003c 46233344
    \ 000040 34462333
    \ 000044 44344733
    \ 000048 42474244
    \ 00004c 34423342
    \ 000050 42443442
    \ 000054 33425252
    \ 000058 68443452
    \ 00005c 52684733
    \ 000060 00
    \ 000000                      .section cdata,rodata
    \ 000000                      .pubweak `_StringLiteral_I1RG3GGRGGRRwRwRGGGRGGRRwRwRGGGRF#F#F#RwRwRGGGRGGRRwRh.`
    \ 000000          `_StringLiteral_I1RG3GGRGGRRwRwRGGGRGGRRwRwRGGGRF#F#F#RwRwRGGGRGGRRwRh.`:
    \ 000000 49315247             .byte   73,49,82,71,51,71,71,82,71,71,82,82,119,82,119,82,71,71,71,82,71,71,82,82,119,82,119,82,71,71,71,82,70,35,70,35,70,35,82,119,82,119,82,71,71,71,82,71,71,82,82,119,82,104,46,0
    \ 000004 33474752
    \ 000008 47475252
    \ 00000c 77527752
    \ 000010 47474752
    \ 000014 47475252
    \ 000018 77527752
    \ 00001c 47474752
    \ 000020 46234623
    \ 000024 46235277
    \ 000028 52775247
    \ 00002c 47475247
    \ 000030 47525277
    \ 000034 52682e00
    \ 000000                      .section cdata,rodata
    \ 000000                      .pubweak _StringLiteral_I1VfRwRhRB5qAtGtFtEtRhRwRwRhRqB5AtGtFtEtRhEwG5EEEAFFFAFAFBGBGRwRhRB5AtGtFtEtRFGhG6
    \ 000000          _StringLiteral_I1VfRwRhRB5qAtGtFtEtRhRwRwRhRqB5AtGtFtEtRhEwG5EEEAFFFAFAFBGBGRwRhRB5AtGtFtEtRFGhG6:
    \ 000000 49315666             .byte   73,49,86,102,82,119,82,104,82,66,53,113,65,116,71,116,70,116,69,116,82,104,82,119,82,119,82,104,82,113,66,53,65,116,71,116,70,116,69,116,82,104,69,119,71,53,69,69,69,65,70,70,70,65,70,65,70,66,71,66,71,82,119,82,104,82,66,53,65,116,71,116,70,116,69,116,82,70,71,104,71,54,0
    \ 000004 52775268
    \ 000008 52423571
    \ 00000c 41744774
    \ 000010 46744574
    \ 000014 52685277
    \ 000018 52775268
    \ 00001c 52714235
    \ 000020 41744774
    \ 000024 46744574
    \ 000028 52684577
    \ 00002c 47354545
    \ 000030 45414646
    \ 000034 46414641
    \ 000038 46424742
    \ 00003c 47527752
    \ 000040 68524235
    \ 000044 41744774
    \ 000048 46744574
    \ 00004c 52464768
    \ 000050 473600

##########################
#                        #
# Memory sizes (decimal) #
#                        #
##########################

Executable  (Text): 1661 bytes
Constant          :  513 bytes
